#-----------------------------------------------------------
# Vivado v2020.1 (64-bit)
# SW Build 2902540 on Wed May 27 19:54:49 MDT 2020
# IP Build 2902112 on Wed May 27 22:43:36 MDT 2020
# Start of session at: Wed Apr 22 11:15:34 2026
# Process ID: 31576
# Current directory: D:/CA_Project/SingleCycle_CA
# Command line: vivado.exe -gui_launcher_event rodinguilauncherevent7136 D:\CA_Project\SingleCycle_CA\SingleCycle_CA.xpr
# Log file: D:/CA_Project/SingleCycle_CA/vivado.log
# Journal file: D:/CA_Project/SingleCycle_CA\vivado.jou
#-----------------------------------------------------------
start_gui
open_project D:/CA_Project/SingleCycle_CA/SingleCycle_CA.xpr
Scanning sources...
Finished scanning sources
INFO: [IP_Flow 19-234] Refreshing IP repositories
INFO: [IP_Flow 19-1704] No user IP repositories specified
INFO: [IP_Flow 19-2313] Loaded Vivado IP repository 'C:/Xilinx/Vivado/2020.1/data/ip'.
open_project: Time (s): cpu = 00:00:13 ; elapsed = 00:00:05 . Memory (MB): peak = 1028.863 ; gain = 0.000
close [ open D:/CA_Project/SingleCycle_CA/SingleCycle_CA.srcs/sources_1/new/taskC.mem w ]
add_files D:/CA_Project/SingleCycle_CA/SingleCycle_CA.srcs/sources_1/new/taskC.mem
reset_run synth_1
launch_runs impl_1 -to_step write_bitstream -jobs 10
[Wed Apr 22 11:17:49 2026] Launched synth_1...
Run output will be captured here: D:/CA_Project/SingleCycle_CA/SingleCycle_CA.runs/synth_1/runme.log
[Wed Apr 22 11:17:49 2026] Launched impl_1...
Run output will be captured here: D:/CA_Project/SingleCycle_CA/SingleCycle_CA.runs/impl_1/runme.log
open_hw_manager
connect_hw_server -allow_non_jtag
INFO: [Labtools 27-2285] Connecting to hw_server url TCP:localhost:3121
INFO: [Labtools 27-2222] Launching hw_server...
INFO: [Labtools 27-2221] Launch Output:

****** Xilinx hw_server v2020.1
  **** Build date : May 27 2020 at 20:24:38
    ** Copyright 1986-2020 Xilinx, Inc. All Rights Reserved.


INFO: [Labtools 27-3415] Connecting to cs_server url TCP:localhost:3042
INFO: [Labtools 27-3417] Launching cs_server...
INFO: [Labtools 27-2221] Launch Output:
Cannot send datagram packet to /10.5.0.255
OSError: [WinError 10022] An invalid argument was supplied
  File "chipscopy\tcf\services\local\LocatorService.py", line 704, in __sendDatagramPacket


****** Xilinx cs_server v2020.1.0
  **** Build date : May 14 2020-06:10:29
    ** Copyright 2017-2020 Xilinx, Inc. All Rights Reserved.



connect_hw_server: Time (s): cpu = 00:00:01 ; elapsed = 00:00:07 . Memory (MB): peak = 1028.863 ; gain = 0.000
open_hw_target
INFO: [Labtoolstcl 44-466] Opening hw_target localhost:3121/xilinx_tcf/Digilent/210183AF305BA
set_property PROGRAM.FILE {D:/CA_Project/SingleCycle_CA/SingleCycle_CA.runs/impl_1/SingleCycle.bit} [get_hw_devices xc7a35t_0]
current_hw_device [get_hw_devices xc7a35t_0]
refresh_hw_device -update_hw_probes false [lindex [get_hw_devices xc7a35t_0] 0]
INFO: [Labtools 27-1434] Device xc7a35t (JTAG device index = 0) is programmed with a design that has no supported debug core(s) in it.
set_property PROBES.FILE {} [get_hw_devices xc7a35t_0]
set_property FULL_PROBES.FILE {} [get_hw_devices xc7a35t_0]
set_property PROGRAM.FILE {D:/CA_Project/SingleCycle_CA/SingleCycle_CA.runs/impl_1/SingleCycle.bit} [get_hw_devices xc7a35t_0]
program_hw_devices [get_hw_devices xc7a35t_0]
INFO: [Labtools 27-3164] End of startup status: HIGH
refresh_hw_device [lindex [get_hw_devices xc7a35t_0] 0]
INFO: [Labtools 27-1434] Device xc7a35t (JTAG device index = 0) is programmed with a design that has no supported debug core(s) in it.
set_property PROBES.FILE {} [get_hw_devices xc7a35t_0]
set_property FULL_PROBES.FILE {} [get_hw_devices xc7a35t_0]
set_property PROGRAM.FILE {D:/CA_Project/SingleCycle_CA/SingleCycle_CA.runs/impl_1/SingleCycle.bit} [get_hw_devices xc7a35t_0]
program_hw_devices [get_hw_devices xc7a35t_0]
INFO: [Labtools 27-3164] End of startup status: HIGH
refresh_hw_device [lindex [get_hw_devices xc7a35t_0] 0]
INFO: [Labtools 27-1434] Device xc7a35t (JTAG device index = 0) is programmed with a design that has no supported debug core(s) in it.
reset_run synth_1
launch_runs impl_1 -to_step write_bitstream -jobs 10
[Wed Apr 22 11:25:22 2026] Launched synth_1...
Run output will be captured here: D:/CA_Project/SingleCycle_CA/SingleCycle_CA.runs/synth_1/runme.log
[Wed Apr 22 11:25:22 2026] Launched impl_1...
Run output will be captured here: D:/CA_Project/SingleCycle_CA/SingleCycle_CA.runs/impl_1/runme.log
reset_run synth_1
launch_runs impl_1 -to_step write_bitstream -jobs 10
[Wed Apr 22 11:28:18 2026] Launched synth_1...
Run output will be captured here: D:/CA_Project/SingleCycle_CA/SingleCycle_CA.runs/synth_1/runme.log
[Wed Apr 22 11:28:18 2026] Launched impl_1...
Run output will be captured here: D:/CA_Project/SingleCycle_CA/SingleCycle_CA.runs/impl_1/runme.log
set_property PROBES.FILE {} [get_hw_devices xc7a35t_0]
set_property FULL_PROBES.FILE {} [get_hw_devices xc7a35t_0]
set_property PROGRAM.FILE {D:/CA_Project/SingleCycle_CA/SingleCycle_CA.runs/impl_1/SingleCycle.bit} [get_hw_devices xc7a35t_0]
program_hw_devices [get_hw_devices xc7a35t_0]
INFO: [Labtools 27-3164] End of startup status: HIGH
refresh_hw_device [lindex [get_hw_devices xc7a35t_0] 0]
INFO: [Labtools 27-1434] Device xc7a35t (JTAG device index = 0) is programmed with a design that has no supported debug core(s) in it.
close_hw_manager
reset_run synth_1
launch_runs impl_1 -to_step write_bitstream -jobs 10
[Wed Apr 22 11:31:37 2026] Launched synth_1...
Run output will be captured here: D:/CA_Project/SingleCycle_CA/SingleCycle_CA.runs/synth_1/runme.log
[Wed Apr 22 11:31:37 2026] Launched impl_1...
Run output will be captured here: D:/CA_Project/SingleCycle_CA/SingleCycle_CA.runs/impl_1/runme.log
open_hw_manager
connect_hw_server -allow_non_jtag
INFO: [Labtools 27-2285] Connecting to hw_server url TCP:localhost:3121
INFO: [Labtools 27-2222] Launching hw_server...
INFO: [Labtools 27-2221] Launch Output:

****** Xilinx hw_server v2020.1
  **** Build date : May 27 2020 at 20:24:38
    ** Copyright 1986-2020 Xilinx, Inc. All Rights Reserved.


INFO: [Labtools 27-3415] Connecting to cs_server url TCP:localhost:3042
INFO: [Labtools 27-3417] Launching cs_server...
INFO: [Labtools 27-2221] Launch Output:
Cannot send datagram packet to /10.5.0.255
OSError: [WinError 10022] An invalid argument was supplied
  File "chipscopy\tcf\services\local\LocatorService.py", line 704, in __sendDatagramPacket


****** Xilinx cs_server v2020.1.0
  **** Build date : May 14 2020-06:10:29
    ** Copyright 2017-2020 Xilinx, Inc. All Rights Reserved.



connect_hw_server: Time (s): cpu = 00:00:01 ; elapsed = 00:00:07 . Memory (MB): peak = 2255.402 ; gain = 0.000
open_hw_target
INFO: [Labtoolstcl 44-466] Opening hw_target localhost:3121/xilinx_tcf/Digilent/210183AF305BA
set_property PROGRAM.FILE {D:/CA_Project/SingleCycle_CA/SingleCycle_CA.runs/impl_1/SingleCycle.bit} [get_hw_devices xc7a35t_0]
current_hw_device [get_hw_devices xc7a35t_0]
refresh_hw_device -update_hw_probes false [lindex [get_hw_devices xc7a35t_0] 0]
INFO: [Labtools 27-1434] Device xc7a35t (JTAG device index = 0) is programmed with a design that has no supported debug core(s) in it.
set_property PROBES.FILE {} [get_hw_devices xc7a35t_0]
set_property FULL_PROBES.FILE {} [get_hw_devices xc7a35t_0]
set_property PROGRAM.FILE {D:/CA_Project/SingleCycle_CA/SingleCycle_CA.runs/impl_1/SingleCycle.bit} [get_hw_devices xc7a35t_0]
program_hw_devices [get_hw_devices xc7a35t_0]
INFO: [Labtools 27-3164] End of startup status: HIGH
refresh_hw_device [lindex [get_hw_devices xc7a35t_0] 0]
INFO: [Labtools 27-1434] Device xc7a35t (JTAG device index = 0) is programmed with a design that has no supported debug core(s) in it.
close_hw_manager
reset_run synth_1
launch_runs impl_1 -to_step write_bitstream -jobs 10
[Wed Apr 22 11:48:39 2026] Launched synth_1...
Run output will be captured here: D:/CA_Project/SingleCycle_CA/SingleCycle_CA.runs/synth_1/runme.log
[Wed Apr 22 11:48:39 2026] Launched impl_1...
Run output will be captured here: D:/CA_Project/SingleCycle_CA/SingleCycle_CA.runs/impl_1/runme.log
open_hw_manager
connect_hw_server -allow_non_jtag
INFO: [Labtools 27-2285] Connecting to hw_server url TCP:localhost:3121
INFO: [Labtools 27-2222] Launching hw_server...
INFO: [Labtools 27-2221] Launch Output:

****** Xilinx hw_server v2020.1
  **** Build date : May 27 2020 at 20:24:38
    ** Copyright 1986-2020 Xilinx, Inc. All Rights Reserved.


INFO: [Labtools 27-3415] Connecting to cs_server url TCP:localhost:3042
INFO: [Labtools 27-3417] Launching cs_server...
INFO: [Labtools 27-2221] Launch Output:
Cannot send datagram packet to /10.5.0.255
OSError: [WinError 10022] An invalid argument was supplied
  File "chipscopy\tcf\services\local\LocatorService.py", line 704, in __sendDatagramPacket


****** Xilinx cs_server v2020.1.0
  **** Build date : May 14 2020-06:10:29
    ** Copyright 2017-2020 Xilinx, Inc. All Rights Reserved.



connect_hw_server: Time (s): cpu = 00:00:00 ; elapsed = 00:00:06 . Memory (MB): peak = 2267.535 ; gain = 0.000
open_hw_target
INFO: [Labtoolstcl 44-466] Opening hw_target localhost:3121/xilinx_tcf/Digilent/210183AF305BA
set_property PROGRAM.FILE {D:/CA_Project/SingleCycle_CA/SingleCycle_CA.runs/impl_1/SingleCycle.bit} [get_hw_devices xc7a35t_0]
current_hw_device [get_hw_devices xc7a35t_0]
refresh_hw_device -update_hw_probes false [lindex [get_hw_devices xc7a35t_0] 0]
INFO: [Labtools 27-1434] Device xc7a35t (JTAG device index = 0) is programmed with a design that has no supported debug core(s) in it.
set_property PROBES.FILE {} [get_hw_devices xc7a35t_0]
set_property FULL_PROBES.FILE {} [get_hw_devices xc7a35t_0]
set_property PROGRAM.FILE {D:/CA_Project/SingleCycle_CA/SingleCycle_CA.runs/impl_1/SingleCycle.bit} [get_hw_devices xc7a35t_0]
program_hw_devices [get_hw_devices xc7a35t_0]
INFO: [Labtools 27-3164] End of startup status: HIGH
refresh_hw_device [lindex [get_hw_devices xc7a35t_0] 0]
INFO: [Labtools 27-1434] Device xc7a35t (JTAG device index = 0) is programmed with a design that has no supported debug core(s) in it.
close_hw_manager
launch_simulation
Command: launch_simulation 
INFO: [Vivado 12-5682] Launching behavioral simulation in 'D:/CA_Project/SingleCycle_CA/SingleCycle_CA.sim/sim_1/behav/xsim'
INFO: [SIM-utils-51] Simulation object is 'sim_1'
INFO: [SIM-utils-54] Inspecting design source files for 'tb_TaskB' in fileset 'sim_1'...
INFO: [SIM-utils-43] Exported 'D:/CA_Project/SingleCycle_CA/SingleCycle_CA.sim/sim_1/behav/xsim/task a.mem'
INFO: [SIM-utils-43] Exported 'D:/CA_Project/SingleCycle_CA/SingleCycle_CA.sim/sim_1/behav/xsim/task_b.mem'
INFO: [SIM-utils-43] Exported 'D:/CA_Project/SingleCycle_CA/SingleCycle_CA.sim/sim_1/behav/xsim/taskC.mem'
INFO: [SIM-utils-43] Exported 'D:/CA_Project/SingleCycle_CA/SingleCycle_CA.sim/sim_1/behav/xsim/machine_code.txt'
INFO: [USF-XSim-97] Finding global include files...
INFO: [USF-XSim-100] Fetching design files from 'sources_1'...(this may take a while)...
INFO: [USF-XSim-101] Fetching design files from 'sim_1'...
INFO: [USF-XSim-2] XSim::Compile design
INFO: [USF-XSim-61] Executing 'COMPILE and ANALYZE' step in 'D:/CA_Project/SingleCycle_CA/SingleCycle_CA.sim/sim_1/behav/xsim'
"xvlog --incr --relax -prj tb_TaskB_vlog.prj"
INFO: [VRFC 10-2263] Analyzing Verilog file "D:/CA_Project/SingleCycle_CA/SingleCycle_CA.srcs/sources_1/new/2x1Mux.v" into library xil_defaultlib
INFO: [VRFC 10-311] analyzing module Mux2x1
INFO: [VRFC 10-2263] Analyzing Verilog file "D:/CA_Project/SingleCycle_CA/SingleCycle_CA.srcs/sources_1/new/ALU.v" into library xil_defaultlib
INFO: [VRFC 10-311] analyzing module ALU
INFO: [VRFC 10-2263] Analyzing Verilog file "D:/CA_Project/SingleCycle_CA/SingleCycle_CA.srcs/sources_1/new/ALUControl.v" into library xil_defaultlib
INFO: [VRFC 10-311] analyzing module ALUControl
INFO: [VRFC 10-2263] Analyzing Verilog file "D:/CA_Project/SingleCycle_CA/SingleCycle_CA.srcs/sources_1/new/ALU_1Bit.v" into library xil_defaultlib
INFO: [VRFC 10-311] analyzing module ALU_1Bit
INFO: [VRFC 10-2263] Analyzing Verilog file "D:/CA_Project/SingleCycle_CA/SingleCycle_CA.srcs/sources_1/new/BranchAdder.v" into library xil_defaultlib
INFO: [VRFC 10-311] analyzing module BranchAdder
INFO: [VRFC 10-2263] Analyzing Verilog file "D:/CA_Project/SingleCycle_CA/SingleCycle_CA.srcs/sources_1/new/DataMemory.v" into library xil_defaultlib
INFO: [VRFC 10-311] analyzing module DataMemory
INFO: [VRFC 10-2263] Analyzing Verilog file "D:/CA_Project/SingleCycle_CA/SingleCycle_CA.srcs/sources_1/new/ImmGen.v" into library xil_defaultlib
INFO: [VRFC 10-311] analyzing module ImmGen
INFO: [VRFC 10-2263] Analyzing Verilog file "D:/CA_Project/SingleCycle_CA/SingleCycle_CA.srcs/sources_1/new/MainControl.v" into library xil_defaultlib
INFO: [VRFC 10-311] analyzing module MainControl
INFO: [VRFC 10-2263] Analyzing Verilog file "D:/CA_Project/SingleCycle_CA/SingleCycle_CA.srcs/sources_1/new/PcAdd4.v" into library xil_defaultlib
INFO: [VRFC 10-311] analyzing module PcAdd4
INFO: [VRFC 10-2263] Analyzing Verilog file "D:/CA_Project/SingleCycle_CA/SingleCycle_CA.srcs/sources_1/new/ProgCounter.v" into library xil_defaultlib
INFO: [VRFC 10-311] analyzing module ProgCounter
INFO: [VRFC 10-2263] Analyzing Verilog file "D:/CA_Project/SingleCycle_CA/SingleCycle_CA.srcs/sources_1/new/RegisterFile.v" into library xil_defaultlib
INFO: [VRFC 10-311] analyzing module RegisterFile
INFO: [VRFC 10-2263] Analyzing Verilog file "D:/CA_Project/SingleCycle_CA/SingleCycle_CA.srcs/sources_1/new/instructionMemory.v" into library xil_defaultlib
INFO: [VRFC 10-311] analyzing module instructionMemory
INFO: [VRFC 10-2263] Analyzing Verilog file "D:/CA_Project/SingleCycle_CA/SingleCycle_CA.srcs/sources_1/new/SingleCycle.v" into library xil_defaultlib
INFO: [VRFC 10-311] analyzing module SingleCycle
INFO: [VRFC 10-2263] Analyzing Verilog file "D:/CA_Project/SingleCycle_CA/SingleCycle_CA.srcs/sources_1/new/switches.v" into library xil_defaultlib
INFO: [VRFC 10-311] analyzing module switches
INFO: [VRFC 10-2263] Analyzing Verilog file "D:/CA_Project/SingleCycle_CA/SingleCycle_CA.srcs/sources_1/new/led.v" into library xil_defaultlib
INFO: [VRFC 10-311] analyzing module leds
INFO: [VRFC 10-2263] Analyzing Verilog file "D:/CA_Project/SingleCycle_CA/SingleCycle_CA.srcs/sources_1/new/7seg.v" into library xil_defaultlib
INFO: [VRFC 10-311] analyzing module Seg7
INFO: [VRFC 10-2263] Analyzing Verilog file "D:/CA_Project/SingleCycle_CA/SingleCycle_CA.srcs/sim_1/new/SingleCycle_tb.v" into library xil_defaultlib
INFO: [VRFC 10-311] analyzing module SingleCycle_tb
INFO: [VRFC 10-2263] Analyzing Verilog file "D:/CA_Project/SingleCycle_CA/SingleCycle_CA.srcs/sim_1/new/datamem_test.v" into library xil_defaultlib
INFO: [VRFC 10-311] analyzing module DataMemory_BUG
INFO: [VRFC 10-311] analyzing module DataMemory_FIXED
INFO: [VRFC 10-311] analyzing module tb_DataMemory_compare
INFO: [VRFC 10-2263] Analyzing Verilog file "D:/CA_Project/SingleCycle_CA/SingleCycle_CA.srcs/sim_1/new/taskB_tb.v" into library xil_defaultlib
INFO: [VRFC 10-311] analyzing module tb_TaskB
INFO: [USF-XSim-69] 'compile' step finished in '2' seconds
INFO: [USF-XSim-3] XSim::Elaborate design
INFO: [USF-XSim-61] Executing 'ELABORATE' step in 'D:/CA_Project/SingleCycle_CA/SingleCycle_CA.sim/sim_1/behav/xsim'
"xelab -wto 8278c67cfe1343a0a18ec597b905aea1 --incr --debug typical --relax --mt 2 -L xil_defaultlib -L unisims_ver -L unimacro_ver -L secureip --snapshot tb_TaskB_behav xil_defaultlib.tb_TaskB xil_defaultlib.glbl -log elaborate.log"
Vivado Simulator 2020.1
Copyright 1986-1999, 2001-2020 Xilinx, Inc. All Rights Reserved.
Running: C:/Xilinx/Vivado/2020.1/bin/unwrapped/win64.o/xelab.exe -wto 8278c67cfe1343a0a18ec597b905aea1 --incr --debug typical --relax --mt 2 -L xil_defaultlib -L unisims_ver -L unimacro_ver -L secureip --snapshot tb_TaskB_behav xil_defaultlib.tb_TaskB xil_defaultlib.glbl -log elaborate.log 
Using 2 slave threads.
Starting static elaboration
Pass Through NonSizing Optimizer
ERROR: [VRFC 10-2989] 'tb_SingleCycle_taskB' is not declared [D:/CA_Project/SingleCycle_CA/SingleCycle_CA.srcs/sim_1/new/taskB_tb.v:65]
ERROR: [XSIM 43-3322] Static elaboration of top level Verilog design unit(s) in library work failed.
INFO: [USF-XSim-69] 'elaborate' step finished in '1' seconds
INFO: [USF-XSim-99] Step results log file:'D:/CA_Project/SingleCycle_CA/SingleCycle_CA.sim/sim_1/behav/xsim/elaborate.log'
ERROR: [USF-XSim-62] 'elaborate' step failed with error(s). Please check the Tcl console output or 'D:/CA_Project/SingleCycle_CA/SingleCycle_CA.sim/sim_1/behav/xsim/elaborate.log' file for more information.
ERROR: [Vivado 12-4473] Detected error while running simulation. Please correct the issue and retry this operation.
ERROR: [Common 17-39] 'launch_simulation' failed due to earlier errors.
reset_run synth_1
launch_runs impl_1 -to_step write_bitstream -jobs 10
[Wed Apr 22 11:57:34 2026] Launched synth_1...
Run output will be captured here: D:/CA_Project/SingleCycle_CA/SingleCycle_CA.runs/synth_1/runme.log
[Wed Apr 22 11:57:34 2026] Launched impl_1...
Run output will be captured here: D:/CA_Project/SingleCycle_CA/SingleCycle_CA.runs/impl_1/runme.log
launch_simulation
Command: launch_simulation 
INFO: [Vivado 12-5682] Launching behavioral simulation in 'D:/CA_Project/SingleCycle_CA/SingleCycle_CA.sim/sim_1/behav/xsim'
INFO: [SIM-utils-51] Simulation object is 'sim_1'
INFO: [SIM-utils-54] Inspecting design source files for 'tb_TaskB' in fileset 'sim_1'...
INFO: [SIM-utils-43] Exported 'D:/CA_Project/SingleCycle_CA/SingleCycle_CA.sim/sim_1/behav/xsim/task a.mem'
INFO: [SIM-utils-43] Exported 'D:/CA_Project/SingleCycle_CA/SingleCycle_CA.sim/sim_1/behav/xsim/task_b.mem'
INFO: [SIM-utils-43] Exported 'D:/CA_Project/SingleCycle_CA/SingleCycle_CA.sim/sim_1/behav/xsim/taskC.mem'
INFO: [SIM-utils-43] Exported 'D:/CA_Project/SingleCycle_CA/SingleCycle_CA.sim/sim_1/behav/xsim/machine_code.txt'
INFO: [USF-XSim-97] Finding global include files...
INFO: [USF-XSim-100] Fetching design files from 'sources_1'...(this may take a while)...
INFO: [USF-XSim-101] Fetching design files from 'sim_1'...
INFO: [USF-XSim-2] XSim::Compile design
INFO: [USF-XSim-61] Executing 'COMPILE and ANALYZE' step in 'D:/CA_Project/SingleCycle_CA/SingleCycle_CA.sim/sim_1/behav/xsim'
"xvlog --incr --relax -prj tb_TaskB_vlog.prj"
INFO: [VRFC 10-2263] Analyzing Verilog file "D:/CA_Project/SingleCycle_CA/SingleCycle_CA.srcs/sources_1/new/2x1Mux.v" into library xil_defaultlib
INFO: [VRFC 10-311] analyzing module Mux2x1
INFO: [VRFC 10-2263] Analyzing Verilog file "D:/CA_Project/SingleCycle_CA/SingleCycle_CA.srcs/sources_1/new/ALU.v" into library xil_defaultlib
INFO: [VRFC 10-311] analyzing module ALU
INFO: [VRFC 10-2263] Analyzing Verilog file "D:/CA_Project/SingleCycle_CA/SingleCycle_CA.srcs/sources_1/new/ALUControl.v" into library xil_defaultlib
INFO: [VRFC 10-311] analyzing module ALUControl
INFO: [VRFC 10-2263] Analyzing Verilog file "D:/CA_Project/SingleCycle_CA/SingleCycle_CA.srcs/sources_1/new/ALU_1Bit.v" into library xil_defaultlib
INFO: [VRFC 10-311] analyzing module ALU_1Bit
INFO: [VRFC 10-2263] Analyzing Verilog file "D:/CA_Project/SingleCycle_CA/SingleCycle_CA.srcs/sources_1/new/BranchAdder.v" into library xil_defaultlib
INFO: [VRFC 10-311] analyzing module BranchAdder
INFO: [VRFC 10-2263] Analyzing Verilog file "D:/CA_Project/SingleCycle_CA/SingleCycle_CA.srcs/sources_1/new/DataMemory.v" into library xil_defaultlib
INFO: [VRFC 10-311] analyzing module DataMemory
INFO: [VRFC 10-2263] Analyzing Verilog file "D:/CA_Project/SingleCycle_CA/SingleCycle_CA.srcs/sources_1/new/ImmGen.v" into library xil_defaultlib
INFO: [VRFC 10-311] analyzing module ImmGen
INFO: [VRFC 10-2263] Analyzing Verilog file "D:/CA_Project/SingleCycle_CA/SingleCycle_CA.srcs/sources_1/new/MainControl.v" into library xil_defaultlib
INFO: [VRFC 10-311] analyzing module MainControl
INFO: [VRFC 10-2263] Analyzing Verilog file "D:/CA_Project/SingleCycle_CA/SingleCycle_CA.srcs/sources_1/new/PcAdd4.v" into library xil_defaultlib
INFO: [VRFC 10-311] analyzing module PcAdd4
INFO: [VRFC 10-2263] Analyzing Verilog file "D:/CA_Project/SingleCycle_CA/SingleCycle_CA.srcs/sources_1/new/ProgCounter.v" into library xil_defaultlib
INFO: [VRFC 10-311] analyzing module ProgCounter
INFO: [VRFC 10-2263] Analyzing Verilog file "D:/CA_Project/SingleCycle_CA/SingleCycle_CA.srcs/sources_1/new/RegisterFile.v" into library xil_defaultlib
INFO: [VRFC 10-311] analyzing module RegisterFile
INFO: [VRFC 10-2263] Analyzing Verilog file "D:/CA_Project/SingleCycle_CA/SingleCycle_CA.srcs/sources_1/new/instructionMemory.v" into library xil_defaultlib
INFO: [VRFC 10-311] analyzing module instructionMemory
INFO: [VRFC 10-2263] Analyzing Verilog file "D:/CA_Project/SingleCycle_CA/SingleCycle_CA.srcs/sources_1/new/SingleCycle.v" into library xil_defaultlib
INFO: [VRFC 10-311] analyzing module SingleCycle
INFO: [VRFC 10-2263] Analyzing Verilog file "D:/CA_Project/SingleCycle_CA/SingleCycle_CA.srcs/sources_1/new/switches.v" into library xil_defaultlib
INFO: [VRFC 10-311] analyzing module switches
INFO: [VRFC 10-2263] Analyzing Verilog file "D:/CA_Project/SingleCycle_CA/SingleCycle_CA.srcs/sources_1/new/led.v" into library xil_defaultlib
INFO: [VRFC 10-311] analyzing module leds
INFO: [VRFC 10-2263] Analyzing Verilog file "D:/CA_Project/SingleCycle_CA/SingleCycle_CA.srcs/sources_1/new/7seg.v" into library xil_defaultlib
INFO: [VRFC 10-311] analyzing module Seg7
INFO: [VRFC 10-2263] Analyzing Verilog file "D:/CA_Project/SingleCycle_CA/SingleCycle_CA.srcs/sim_1/new/SingleCycle_tb.v" into library xil_defaultlib
INFO: [VRFC 10-311] analyzing module SingleCycle_tb
INFO: [VRFC 10-2263] Analyzing Verilog file "D:/CA_Project/SingleCycle_CA/SingleCycle_CA.srcs/sim_1/new/datamem_test.v" into library xil_defaultlib
INFO: [VRFC 10-311] analyzing module DataMemory_BUG
INFO: [VRFC 10-311] analyzing module DataMemory_FIXED
INFO: [VRFC 10-311] analyzing module tb_DataMemory_compare
INFO: [VRFC 10-2263] Analyzing Verilog file "D:/CA_Project/SingleCycle_CA/SingleCycle_CA.srcs/sim_1/new/taskB_tb.v" into library xil_defaultlib
INFO: [VRFC 10-311] analyzing module tb_TaskB
INFO: [USF-XSim-69] 'compile' step finished in '1' seconds
INFO: [USF-XSim-3] XSim::Elaborate design
INFO: [USF-XSim-61] Executing 'ELABORATE' step in 'D:/CA_Project/SingleCycle_CA/SingleCycle_CA.sim/sim_1/behav/xsim'
"xelab -wto 8278c67cfe1343a0a18ec597b905aea1 --incr --debug typical --relax --mt 2 -L xil_defaultlib -L unisims_ver -L unimacro_ver -L secureip --snapshot tb_TaskB_behav xil_defaultlib.tb_TaskB xil_defaultlib.glbl -log elaborate.log"
Vivado Simulator 2020.1
Copyright 1986-1999, 2001-2020 Xilinx, Inc. All Rights Reserved.
Running: C:/Xilinx/Vivado/2020.1/bin/unwrapped/win64.o/xelab.exe -wto 8278c67cfe1343a0a18ec597b905aea1 --incr --debug typical --relax --mt 2 -L xil_defaultlib -L unisims_ver -L unimacro_ver -L secureip --snapshot tb_TaskB_behav xil_defaultlib.tb_TaskB xil_defaultlib.glbl -log elaborate.log 
Using 2 slave threads.
Starting static elaboration
Pass Through NonSizing Optimizer
ERROR: [VRFC 10-2989] 'tb_SingleCycle_taskB' is not declared [D:/CA_Project/SingleCycle_CA/SingleCycle_CA.srcs/sim_1/new/taskB_tb.v:65]
ERROR: [XSIM 43-3322] Static elaboration of top level Verilog design unit(s) in library work failed.
INFO: [USF-XSim-69] 'elaborate' step finished in '1' seconds
INFO: [USF-XSim-99] Step results log file:'D:/CA_Project/SingleCycle_CA/SingleCycle_CA.sim/sim_1/behav/xsim/elaborate.log'
ERROR: [USF-XSim-62] 'elaborate' step failed with error(s). Please check the Tcl console output or 'D:/CA_Project/SingleCycle_CA/SingleCycle_CA.sim/sim_1/behav/xsim/elaborate.log' file for more information.
ERROR: [Vivado 12-4473] Detected error while running simulation. Please correct the issue and retry this operation.
ERROR: [Common 17-39] 'launch_simulation' failed due to earlier errors.
launch_simulation
Command: launch_simulation 
INFO: [Vivado 12-5682] Launching behavioral simulation in 'D:/CA_Project/SingleCycle_CA/SingleCycle_CA.sim/sim_1/behav/xsim'
INFO: [SIM-utils-51] Simulation object is 'sim_1'
INFO: [SIM-utils-54] Inspecting design source files for 'tb_TaskB' in fileset 'sim_1'...
INFO: [SIM-utils-43] Exported 'D:/CA_Project/SingleCycle_CA/SingleCycle_CA.sim/sim_1/behav/xsim/task a.mem'
INFO: [SIM-utils-43] Exported 'D:/CA_Project/SingleCycle_CA/SingleCycle_CA.sim/sim_1/behav/xsim/task_b.mem'
INFO: [SIM-utils-43] Exported 'D:/CA_Project/SingleCycle_CA/SingleCycle_CA.sim/sim_1/behav/xsim/taskC.mem'
INFO: [SIM-utils-43] Exported 'D:/CA_Project/SingleCycle_CA/SingleCycle_CA.sim/sim_1/behav/xsim/machine_code.txt'
INFO: [USF-XSim-97] Finding global include files...
INFO: [USF-XSim-100] Fetching design files from 'sources_1'...(this may take a while)...
INFO: [USF-XSim-101] Fetching design files from 'sim_1'...
INFO: [USF-XSim-2] XSim::Compile design
INFO: [USF-XSim-61] Executing 'COMPILE and ANALYZE' step in 'D:/CA_Project/SingleCycle_CA/SingleCycle_CA.sim/sim_1/behav/xsim'
"xvlog --incr --relax -prj tb_TaskB_vlog.prj"
INFO: [VRFC 10-2263] Analyzing Verilog file "D:/CA_Project/SingleCycle_CA/SingleCycle_CA.srcs/sources_1/new/2x1Mux.v" into library xil_defaultlib
INFO: [VRFC 10-311] analyzing module Mux2x1
INFO: [VRFC 10-2263] Analyzing Verilog file "D:/CA_Project/SingleCycle_CA/SingleCycle_CA.srcs/sources_1/new/ALU.v" into library xil_defaultlib
INFO: [VRFC 10-311] analyzing module ALU
INFO: [VRFC 10-2263] Analyzing Verilog file "D:/CA_Project/SingleCycle_CA/SingleCycle_CA.srcs/sources_1/new/ALUControl.v" into library xil_defaultlib
INFO: [VRFC 10-311] analyzing module ALUControl
INFO: [VRFC 10-2263] Analyzing Verilog file "D:/CA_Project/SingleCycle_CA/SingleCycle_CA.srcs/sources_1/new/ALU_1Bit.v" into library xil_defaultlib
INFO: [VRFC 10-311] analyzing module ALU_1Bit
INFO: [VRFC 10-2263] Analyzing Verilog file "D:/CA_Project/SingleCycle_CA/SingleCycle_CA.srcs/sources_1/new/BranchAdder.v" into library xil_defaultlib
INFO: [VRFC 10-311] analyzing module BranchAdder
INFO: [VRFC 10-2263] Analyzing Verilog file "D:/CA_Project/SingleCycle_CA/SingleCycle_CA.srcs/sources_1/new/DataMemory.v" into library xil_defaultlib
INFO: [VRFC 10-311] analyzing module DataMemory
INFO: [VRFC 10-2263] Analyzing Verilog file "D:/CA_Project/SingleCycle_CA/SingleCycle_CA.srcs/sources_1/new/ImmGen.v" into library xil_defaultlib
INFO: [VRFC 10-311] analyzing module ImmGen
INFO: [VRFC 10-2263] Analyzing Verilog file "D:/CA_Project/SingleCycle_CA/SingleCycle_CA.srcs/sources_1/new/MainControl.v" into library xil_defaultlib
INFO: [VRFC 10-311] analyzing module MainControl
INFO: [VRFC 10-2263] Analyzing Verilog file "D:/CA_Project/SingleCycle_CA/SingleCycle_CA.srcs/sources_1/new/PcAdd4.v" into library xil_defaultlib
INFO: [VRFC 10-311] analyzing module PcAdd4
INFO: [VRFC 10-2263] Analyzing Verilog file "D:/CA_Project/SingleCycle_CA/SingleCycle_CA.srcs/sources_1/new/ProgCounter.v" into library xil_defaultlib
INFO: [VRFC 10-311] analyzing module ProgCounter
INFO: [VRFC 10-2263] Analyzing Verilog file "D:/CA_Project/SingleCycle_CA/SingleCycle_CA.srcs/sources_1/new/RegisterFile.v" into library xil_defaultlib
INFO: [VRFC 10-311] analyzing module RegisterFile
INFO: [VRFC 10-2263] Analyzing Verilog file "D:/CA_Project/SingleCycle_CA/SingleCycle_CA.srcs/sources_1/new/instructionMemory.v" into library xil_defaultlib
INFO: [VRFC 10-311] analyzing module instructionMemory
INFO: [VRFC 10-2263] Analyzing Verilog file "D:/CA_Project/SingleCycle_CA/SingleCycle_CA.srcs/sources_1/new/SingleCycle.v" into library xil_defaultlib
INFO: [VRFC 10-311] analyzing module SingleCycle
INFO: [VRFC 10-2263] Analyzing Verilog file "D:/CA_Project/SingleCycle_CA/SingleCycle_CA.srcs/sources_1/new/switches.v" into library xil_defaultlib
INFO: [VRFC 10-311] analyzing module switches
INFO: [VRFC 10-2263] Analyzing Verilog file "D:/CA_Project/SingleCycle_CA/SingleCycle_CA.srcs/sources_1/new/led.v" into library xil_defaultlib
INFO: [VRFC 10-311] analyzing module leds
INFO: [VRFC 10-2263] Analyzing Verilog file "D:/CA_Project/SingleCycle_CA/SingleCycle_CA.srcs/sources_1/new/7seg.v" into library xil_defaultlib
INFO: [VRFC 10-311] analyzing module Seg7
INFO: [VRFC 10-2263] Analyzing Verilog file "D:/CA_Project/SingleCycle_CA/SingleCycle_CA.srcs/sim_1/new/SingleCycle_tb.v" into library xil_defaultlib
INFO: [VRFC 10-311] analyzing module SingleCycle_tb
INFO: [VRFC 10-2263] Analyzing Verilog file "D:/CA_Project/SingleCycle_CA/SingleCycle_CA.srcs/sim_1/new/datamem_test.v" into library xil_defaultlib
INFO: [VRFC 10-311] analyzing module DataMemory_BUG
INFO: [VRFC 10-311] analyzing module DataMemory_FIXED
INFO: [VRFC 10-311] analyzing module tb_DataMemory_compare
INFO: [VRFC 10-2263] Analyzing Verilog file "D:/CA_Project/SingleCycle_CA/SingleCycle_CA.srcs/sim_1/new/taskB_tb.v" into library xil_defaultlib
INFO: [VRFC 10-311] analyzing module tb_TaskB
INFO: [USF-XSim-69] 'compile' step finished in '1' seconds
INFO: [USF-XSim-3] XSim::Elaborate design
INFO: [USF-XSim-61] Executing 'ELABORATE' step in 'D:/CA_Project/SingleCycle_CA/SingleCycle_CA.sim/sim_1/behav/xsim'
"xelab -wto 8278c67cfe1343a0a18ec597b905aea1 --incr --debug typical --relax --mt 2 -L xil_defaultlib -L unisims_ver -L unimacro_ver -L secureip --snapshot tb_TaskB_behav xil_defaultlib.tb_TaskB xil_defaultlib.glbl -log elaborate.log"
Vivado Simulator 2020.1
Copyright 1986-1999, 2001-2020 Xilinx, Inc. All Rights Reserved.
Running: C:/Xilinx/Vivado/2020.1/bin/unwrapped/win64.o/xelab.exe -wto 8278c67cfe1343a0a18ec597b905aea1 --incr --debug typical --relax --mt 2 -L xil_defaultlib -L unisims_ver -L unimacro_ver -L secureip --snapshot tb_TaskB_behav xil_defaultlib.tb_TaskB xil_defaultlib.glbl -log elaborate.log 
Using 2 slave threads.
Starting static elaboration
Pass Through NonSizing Optimizer
Completed static elaboration
Starting simulation data flow analysis
Completed simulation data flow analysis
Time Resolution for simulation is 1ps
Compiling module xil_defaultlib.ProgCounter
Compiling module xil_defaultlib.PcAdd4
Compiling module xil_defaultlib.instructionMemory
Compiling module xil_defaultlib.MainControl
Compiling module xil_defaultlib.RegisterFile
Compiling module xil_defaultlib.ImmGen
Compiling module xil_defaultlib.ALUControl
Compiling module xil_defaultlib.Mux2x1
Compiling module xil_defaultlib.ALU_1Bit
Compiling module xil_defaultlib.ALU_default
Compiling module xil_defaultlib.BranchAdder
Compiling module xil_defaultlib.DataMemory
Compiling module xil_defaultlib.Seg7
Compiling module xil_defaultlib.SingleCycle
Compiling module xil_defaultlib.tb_TaskB
Compiling module xil_defaultlib.glbl
Built simulation snapshot tb_TaskB_behav
INFO: [USF-XSim-69] 'elaborate' step finished in '3' seconds
INFO: [USF-XSim-4] XSim::Simulate design
INFO: [USF-XSim-61] Executing 'SIMULATE' step in 'D:/CA_Project/SingleCycle_CA/SingleCycle_CA.sim/sim_1/behav/xsim'
INFO: [USF-XSim-98] *** Running xsim
   with args "tb_TaskB_behav -key {Behavioral:sim_1:Functional:tb_TaskB} -tclbatch {tb_TaskB.tcl} -log {simulate.log}"
INFO: [USF-XSim-8] Loading simulator feature
Vivado Simulator 2020.1
Time resolution is 1 ps
source tb_TaskB.tcl
# set curr_wave [current_wave_config]
# if { [string length $curr_wave] == 0 } {
#   if { [llength [get_objects]] > 0} {
#     add_wave /
#     set_property needs_save false [current_wave_config]
#   } else {
#      send_msg_id Add_Wave-1 WARNING "No top level signals found. Simulator will start without a wave window. If you want to open a wave window go to 'File->New Waveform Configuration' or type 'create_wave_config' in the TCL console."
#   }
# }
# run 1000ns

[TEST 1] Switch 1 active - SLLI: expect LEDs = 10
  [PASS] LEDs = 0x000a (10)  at time 855000 ns
INFO: [USF-XSim-96] XSim completed. Design snapshot 'tb_TaskB_behav' loaded.
INFO: [USF-XSim-97] XSim simulation ran for 1000ns
launch_simulation: Time (s): cpu = 00:00:03 ; elapsed = 00:00:07 . Memory (MB): peak = 2286.477 ; gain = 13.730
run 10ms

[TEST 2] Switch 2 active - JALR: expect LEDs = 20
  [PASS] LEDs = 0x0014 (20)  at time 5055000 ns

[TEST 3] Switch 3 active - BLT taken: expect LEDs = 30
  [PASS] LEDs = 0x001e (30)  at time 10455000 ns

[TEST 4] Switch 4 active - BLT not taken: expect LEDs = 40
  [PASS] LEDs = 0x0028 (40)  at time 16655000 ns

[TEST 5] No switch - default: expect LEDs = 0
  [PASS] LEDs = 0x0000 (0)  at time 20755000 ns

===== Simulation complete =====

$finish called at time : 22755 ns : File "D:/CA_Project/SingleCycle_CA/SingleCycle_CA.srcs/sim_1/new/taskB_tb.v" Line 129
close_sim
INFO: [Simtcl 6-16] Simulation closed
reset_run synth_1
launch_runs impl_1 -to_step write_bitstream -jobs 10
[Wed Apr 22 12:05:02 2026] Launched synth_1...
Run output will be captured here: D:/CA_Project/SingleCycle_CA/SingleCycle_CA.runs/synth_1/runme.log
[Wed Apr 22 12:05:02 2026] Launched impl_1...
Run output will be captured here: D:/CA_Project/SingleCycle_CA/SingleCycle_CA.runs/impl_1/runme.log
set_property SOURCE_SET sources_1 [get_filesets sim_1]
close [ open D:/CA_Project/SingleCycle_CA/SingleCycle_CA.srcs/sim_1/new/tb_TaskC.v w ]
add_files -fileset sim_1 D:/CA_Project/SingleCycle_CA/SingleCycle_CA.srcs/sim_1/new/tb_TaskC.v
set_property top tb_TaskC [get_filesets sim_1]
set_property top_lib xil_defaultlib [get_filesets sim_1]
launch_simulation
Command: launch_simulation 
INFO: [Vivado 12-5682] Launching behavioral simulation in 'D:/CA_Project/SingleCycle_CA/SingleCycle_CA.sim/sim_1/behav/xsim'
INFO: [SIM-utils-51] Simulation object is 'sim_1'
INFO: [SIM-utils-54] Inspecting design source files for 'tb_TaskC' in fileset 'sim_1'...
INFO: [SIM-utils-43] Exported 'D:/CA_Project/SingleCycle_CA/SingleCycle_CA.sim/sim_1/behav/xsim/task a.mem'
INFO: [SIM-utils-43] Exported 'D:/CA_Project/SingleCycle_CA/SingleCycle_CA.sim/sim_1/behav/xsim/task_b.mem'
INFO: [SIM-utils-43] Exported 'D:/CA_Project/SingleCycle_CA/SingleCycle_CA.sim/sim_1/behav/xsim/taskC.mem'
INFO: [SIM-utils-43] Exported 'D:/CA_Project/SingleCycle_CA/SingleCycle_CA.sim/sim_1/behav/xsim/machine_code.txt'
INFO: [USF-XSim-97] Finding global include files...
INFO: [USF-XSim-100] Fetching design files from 'sources_1'...(this may take a while)...
INFO: [USF-XSim-101] Fetching design files from 'sim_1'...
INFO: [USF-XSim-2] XSim::Compile design
INFO: [USF-XSim-61] Executing 'COMPILE and ANALYZE' step in 'D:/CA_Project/SingleCycle_CA/SingleCycle_CA.sim/sim_1/behav/xsim'
"xvlog --incr --relax -prj tb_TaskC_vlog.prj"
INFO: [VRFC 10-2263] Analyzing Verilog file "D:/CA_Project/SingleCycle_CA/SingleCycle_CA.srcs/sources_1/new/2x1Mux.v" into library xil_defaultlib
INFO: [VRFC 10-311] analyzing module Mux2x1
INFO: [VRFC 10-2263] Analyzing Verilog file "D:/CA_Project/SingleCycle_CA/SingleCycle_CA.srcs/sources_1/new/ALU.v" into library xil_defaultlib
INFO: [VRFC 10-311] analyzing module ALU
INFO: [VRFC 10-2263] Analyzing Verilog file "D:/CA_Project/SingleCycle_CA/SingleCycle_CA.srcs/sources_1/new/ALUControl.v" into library xil_defaultlib
INFO: [VRFC 10-311] analyzing module ALUControl
INFO: [VRFC 10-2263] Analyzing Verilog file "D:/CA_Project/SingleCycle_CA/SingleCycle_CA.srcs/sources_1/new/ALU_1Bit.v" into library xil_defaultlib
INFO: [VRFC 10-311] analyzing module ALU_1Bit
INFO: [VRFC 10-2263] Analyzing Verilog file "D:/CA_Project/SingleCycle_CA/SingleCycle_CA.srcs/sources_1/new/BranchAdder.v" into library xil_defaultlib
INFO: [VRFC 10-311] analyzing module BranchAdder
INFO: [VRFC 10-2263] Analyzing Verilog file "D:/CA_Project/SingleCycle_CA/SingleCycle_CA.srcs/sources_1/new/DataMemory.v" into library xil_defaultlib
INFO: [VRFC 10-311] analyzing module DataMemory
INFO: [VRFC 10-2263] Analyzing Verilog file "D:/CA_Project/SingleCycle_CA/SingleCycle_CA.srcs/sources_1/new/ImmGen.v" into library xil_defaultlib
INFO: [VRFC 10-311] analyzing module ImmGen
INFO: [VRFC 10-2263] Analyzing Verilog file "D:/CA_Project/SingleCycle_CA/SingleCycle_CA.srcs/sources_1/new/MainControl.v" into library xil_defaultlib
INFO: [VRFC 10-311] analyzing module MainControl
INFO: [VRFC 10-2263] Analyzing Verilog file "D:/CA_Project/SingleCycle_CA/SingleCycle_CA.srcs/sources_1/new/PcAdd4.v" into library xil_defaultlib
INFO: [VRFC 10-311] analyzing module PcAdd4
INFO: [VRFC 10-2263] Analyzing Verilog file "D:/CA_Project/SingleCycle_CA/SingleCycle_CA.srcs/sources_1/new/ProgCounter.v" into library xil_defaultlib
INFO: [VRFC 10-311] analyzing module ProgCounter
INFO: [VRFC 10-2263] Analyzing Verilog file "D:/CA_Project/SingleCycle_CA/SingleCycle_CA.srcs/sources_1/new/RegisterFile.v" into library xil_defaultlib
INFO: [VRFC 10-311] analyzing module RegisterFile
INFO: [VRFC 10-2263] Analyzing Verilog file "D:/CA_Project/SingleCycle_CA/SingleCycle_CA.srcs/sources_1/new/instructionMemory.v" into library xil_defaultlib
INFO: [VRFC 10-311] analyzing module instructionMemory
INFO: [VRFC 10-2263] Analyzing Verilog file "D:/CA_Project/SingleCycle_CA/SingleCycle_CA.srcs/sources_1/new/SingleCycle.v" into library xil_defaultlib
INFO: [VRFC 10-311] analyzing module SingleCycle
INFO: [VRFC 10-2263] Analyzing Verilog file "D:/CA_Project/SingleCycle_CA/SingleCycle_CA.srcs/sources_1/new/switches.v" into library xil_defaultlib
INFO: [VRFC 10-311] analyzing module switches
INFO: [VRFC 10-2263] Analyzing Verilog file "D:/CA_Project/SingleCycle_CA/SingleCycle_CA.srcs/sources_1/new/led.v" into library xil_defaultlib
INFO: [VRFC 10-311] analyzing module leds
INFO: [VRFC 10-2263] Analyzing Verilog file "D:/CA_Project/SingleCycle_CA/SingleCycle_CA.srcs/sources_1/new/7seg.v" into library xil_defaultlib
INFO: [VRFC 10-311] analyzing module Seg7
INFO: [VRFC 10-2263] Analyzing Verilog file "D:/CA_Project/SingleCycle_CA/SingleCycle_CA.srcs/sim_1/new/SingleCycle_tb.v" into library xil_defaultlib
INFO: [VRFC 10-311] analyzing module SingleCycle_tb
INFO: [VRFC 10-2263] Analyzing Verilog file "D:/CA_Project/SingleCycle_CA/SingleCycle_CA.srcs/sim_1/new/datamem_test.v" into library xil_defaultlib
INFO: [VRFC 10-311] analyzing module DataMemory_BUG
INFO: [VRFC 10-311] analyzing module DataMemory_FIXED
INFO: [VRFC 10-311] analyzing module tb_DataMemory_compare
INFO: [VRFC 10-2263] Analyzing Verilog file "D:/CA_Project/SingleCycle_CA/SingleCycle_CA.srcs/sim_1/new/taskB_tb.v" into library xil_defaultlib
INFO: [VRFC 10-311] analyzing module tb_TaskB
INFO: [VRFC 10-2263] Analyzing Verilog file "D:/CA_Project/SingleCycle_CA/SingleCycle_CA.srcs/sim_1/new/tb_TaskC.v" into library xil_defaultlib
INFO: [VRFC 10-311] analyzing module tb_TaskC
INFO: [USF-XSim-69] 'compile' step finished in '2' seconds
INFO: [USF-XSim-3] XSim::Elaborate design
INFO: [USF-XSim-61] Executing 'ELABORATE' step in 'D:/CA_Project/SingleCycle_CA/SingleCycle_CA.sim/sim_1/behav/xsim'
"xelab -wto 8278c67cfe1343a0a18ec597b905aea1 --incr --debug typical --relax --mt 2 -L xil_defaultlib -L unisims_ver -L unimacro_ver -L secureip --snapshot tb_TaskC_behav xil_defaultlib.tb_TaskC xil_defaultlib.glbl -log elaborate.log"
Vivado Simulator 2020.1
Copyright 1986-1999, 2001-2020 Xilinx, Inc. All Rights Reserved.
Running: C:/Xilinx/Vivado/2020.1/bin/unwrapped/win64.o/xelab.exe -wto 8278c67cfe1343a0a18ec597b905aea1 --incr --debug typical --relax --mt 2 -L xil_defaultlib -L unisims_ver -L unimacro_ver -L secureip --snapshot tb_TaskC_behav xil_defaultlib.tb_TaskC xil_defaultlib.glbl -log elaborate.log 
Using 2 slave threads.
Starting static elaboration
Pass Through NonSizing Optimizer
Completed static elaboration
Starting simulation data flow analysis
Completed simulation data flow analysis
Time Resolution for simulation is 1ps
Compiling module xil_defaultlib.tb_TaskC
Compiling module xil_defaultlib.glbl
Built simulation snapshot tb_TaskC_behav

****** Webtalk v2020.1 (64-bit)
  **** SW Build 2902540 on Wed May 27 19:54:49 MDT 2020
  **** IP Build 2902112 on Wed May 27 22:43:36 MDT 2020
    ** Copyright 1986-2020 Xilinx, Inc. All Rights Reserved.

source D:/CA_Project/SingleCycle_CA/SingleCycle_CA.sim/sim_1/behav/xsim/xsim.dir/tb_TaskC_behav/webtalk/xsim_webtalk.tcl -notrace
INFO: [Common 17-206] Exiting Webtalk at Wed Apr 22 12:08:21 2026...
INFO: [USF-XSim-69] 'elaborate' step finished in '3' seconds
INFO: [USF-XSim-4] XSim::Simulate design
INFO: [USF-XSim-61] Executing 'SIMULATE' step in 'D:/CA_Project/SingleCycle_CA/SingleCycle_CA.sim/sim_1/behav/xsim'
INFO: [USF-XSim-98] *** Running xsim
   with args "tb_TaskC_behav -key {Behavioral:sim_1:Functional:tb_TaskC} -tclbatch {tb_TaskC.tcl} -log {simulate.log}"
INFO: [USF-XSim-8] Loading simulator feature
Vivado Simulator 2020.1
Time resolution is 1 ps
source tb_TaskC.tcl
# set curr_wave [current_wave_config]
# if { [string length $curr_wave] == 0 } {
#   if { [llength [get_objects]] > 0} {
#     add_wave /
#     set_property needs_save false [current_wave_config]
#   } else {
#      send_msg_id Add_Wave-1 WARNING "No top level signals found. Simulator will start without a wave window. If you want to open a wave window go to 'File->New Waveform Configuration' or type 'create_wave_config' in the TCL console."
#   }
# }
WARNING: [Simtcl 6-168] No object found for the given pattern.
WARNING: [Add_Wave-1] No top level signals found. Simulator will start without a wave window. If you want to open a wave window go to 'File->New Waveform Configuration' or type 'create_wave_config' in the TCL console.
# run 1000ns
INFO: [USF-XSim-96] XSim completed. Design snapshot 'tb_TaskC_behav' loaded.
INFO: [USF-XSim-97] XSim simulation ran for 1000ns
launch_simulation: Time (s): cpu = 00:00:02 ; elapsed = 00:00:07 . Memory (MB): peak = 2390.594 ; gain = 0.000
close_sim
INFO: [Simtcl 6-16] Simulation closed
close_sim: Time (s): cpu = 00:00:01 ; elapsed = 00:00:06 . Memory (MB): peak = 2390.594 ; gain = 0.000
launch_simulation
Command: launch_simulation 
INFO: [Vivado 12-5682] Launching behavioral simulation in 'D:/CA_Project/SingleCycle_CA/SingleCycle_CA.sim/sim_1/behav/xsim'
INFO: [SIM-utils-51] Simulation object is 'sim_1'
INFO: [SIM-utils-54] Inspecting design source files for 'tb_TaskC' in fileset 'sim_1'...
INFO: [SIM-utils-43] Exported 'D:/CA_Project/SingleCycle_CA/SingleCycle_CA.sim/sim_1/behav/xsim/task a.mem'
INFO: [SIM-utils-43] Exported 'D:/CA_Project/SingleCycle_CA/SingleCycle_CA.sim/sim_1/behav/xsim/task_b.mem'
INFO: [SIM-utils-43] Exported 'D:/CA_Project/SingleCycle_CA/SingleCycle_CA.sim/sim_1/behav/xsim/taskC.mem'
INFO: [SIM-utils-43] Exported 'D:/CA_Project/SingleCycle_CA/SingleCycle_CA.sim/sim_1/behav/xsim/machine_code.txt'
INFO: [USF-XSim-97] Finding global include files...
INFO: [USF-XSim-100] Fetching design files from 'sources_1'...(this may take a while)...
INFO: [USF-XSim-101] Fetching design files from 'sim_1'...
INFO: [USF-XSim-2] XSim::Compile design
INFO: [USF-XSim-61] Executing 'COMPILE and ANALYZE' step in 'D:/CA_Project/SingleCycle_CA/SingleCycle_CA.sim/sim_1/behav/xsim'
"xvlog --incr --relax -prj tb_TaskC_vlog.prj"
INFO: [VRFC 10-2263] Analyzing Verilog file "D:/CA_Project/SingleCycle_CA/SingleCycle_CA.srcs/sources_1/new/2x1Mux.v" into library xil_defaultlib
INFO: [VRFC 10-311] analyzing module Mux2x1
INFO: [VRFC 10-2263] Analyzing Verilog file "D:/CA_Project/SingleCycle_CA/SingleCycle_CA.srcs/sources_1/new/ALU.v" into library xil_defaultlib
INFO: [VRFC 10-311] analyzing module ALU
INFO: [VRFC 10-2263] Analyzing Verilog file "D:/CA_Project/SingleCycle_CA/SingleCycle_CA.srcs/sources_1/new/ALUControl.v" into library xil_defaultlib
INFO: [VRFC 10-311] analyzing module ALUControl
INFO: [VRFC 10-2263] Analyzing Verilog file "D:/CA_Project/SingleCycle_CA/SingleCycle_CA.srcs/sources_1/new/ALU_1Bit.v" into library xil_defaultlib
INFO: [VRFC 10-311] analyzing module ALU_1Bit
INFO: [VRFC 10-2263] Analyzing Verilog file "D:/CA_Project/SingleCycle_CA/SingleCycle_CA.srcs/sources_1/new/BranchAdder.v" into library xil_defaultlib
INFO: [VRFC 10-311] analyzing module BranchAdder
INFO: [VRFC 10-2263] Analyzing Verilog file "D:/CA_Project/SingleCycle_CA/SingleCycle_CA.srcs/sources_1/new/DataMemory.v" into library xil_defaultlib
INFO: [VRFC 10-311] analyzing module DataMemory
INFO: [VRFC 10-2263] Analyzing Verilog file "D:/CA_Project/SingleCycle_CA/SingleCycle_CA.srcs/sources_1/new/ImmGen.v" into library xil_defaultlib
INFO: [VRFC 10-311] analyzing module ImmGen
INFO: [VRFC 10-2263] Analyzing Verilog file "D:/CA_Project/SingleCycle_CA/SingleCycle_CA.srcs/sources_1/new/MainControl.v" into library xil_defaultlib
INFO: [VRFC 10-311] analyzing module MainControl
INFO: [VRFC 10-2263] Analyzing Verilog file "D:/CA_Project/SingleCycle_CA/SingleCycle_CA.srcs/sources_1/new/PcAdd4.v" into library xil_defaultlib
INFO: [VRFC 10-311] analyzing module PcAdd4
INFO: [VRFC 10-2263] Analyzing Verilog file "D:/CA_Project/SingleCycle_CA/SingleCycle_CA.srcs/sources_1/new/ProgCounter.v" into library xil_defaultlib
INFO: [VRFC 10-311] analyzing module ProgCounter
INFO: [VRFC 10-2263] Analyzing Verilog file "D:/CA_Project/SingleCycle_CA/SingleCycle_CA.srcs/sources_1/new/RegisterFile.v" into library xil_defaultlib
INFO: [VRFC 10-311] analyzing module RegisterFile
INFO: [VRFC 10-2263] Analyzing Verilog file "D:/CA_Project/SingleCycle_CA/SingleCycle_CA.srcs/sources_1/new/instructionMemory.v" into library xil_defaultlib
INFO: [VRFC 10-311] analyzing module instructionMemory
INFO: [VRFC 10-2263] Analyzing Verilog file "D:/CA_Project/SingleCycle_CA/SingleCycle_CA.srcs/sources_1/new/SingleCycle.v" into library xil_defaultlib
INFO: [VRFC 10-311] analyzing module SingleCycle
INFO: [VRFC 10-2263] Analyzing Verilog file "D:/CA_Project/SingleCycle_CA/SingleCycle_CA.srcs/sources_1/new/switches.v" into library xil_defaultlib
INFO: [VRFC 10-311] analyzing module switches
INFO: [VRFC 10-2263] Analyzing Verilog file "D:/CA_Project/SingleCycle_CA/SingleCycle_CA.srcs/sources_1/new/led.v" into library xil_defaultlib
INFO: [VRFC 10-311] analyzing module leds
INFO: [VRFC 10-2263] Analyzing Verilog file "D:/CA_Project/SingleCycle_CA/SingleCycle_CA.srcs/sources_1/new/7seg.v" into library xil_defaultlib
INFO: [VRFC 10-311] analyzing module Seg7
INFO: [VRFC 10-2263] Analyzing Verilog file "D:/CA_Project/SingleCycle_CA/SingleCycle_CA.srcs/sim_1/new/SingleCycle_tb.v" into library xil_defaultlib
INFO: [VRFC 10-311] analyzing module SingleCycle_tb
INFO: [VRFC 10-2263] Analyzing Verilog file "D:/CA_Project/SingleCycle_CA/SingleCycle_CA.srcs/sim_1/new/datamem_test.v" into library xil_defaultlib
INFO: [VRFC 10-311] analyzing module DataMemory_BUG
INFO: [VRFC 10-311] analyzing module DataMemory_FIXED
INFO: [VRFC 10-311] analyzing module tb_DataMemory_compare
INFO: [VRFC 10-2263] Analyzing Verilog file "D:/CA_Project/SingleCycle_CA/SingleCycle_CA.srcs/sim_1/new/taskB_tb.v" into library xil_defaultlib
INFO: [VRFC 10-311] analyzing module tb_TaskB
INFO: [VRFC 10-2263] Analyzing Verilog file "D:/CA_Project/SingleCycle_CA/SingleCycle_CA.srcs/sim_1/new/tb_TaskC.v" into library xil_defaultlib
INFO: [VRFC 10-311] analyzing module tb_TaskC
INFO: [USF-XSim-69] 'compile' step finished in '1' seconds
INFO: [USF-XSim-3] XSim::Elaborate design
INFO: [USF-XSim-61] Executing 'ELABORATE' step in 'D:/CA_Project/SingleCycle_CA/SingleCycle_CA.sim/sim_1/behav/xsim'
"xelab -wto 8278c67cfe1343a0a18ec597b905aea1 --incr --debug typical --relax --mt 2 -L xil_defaultlib -L unisims_ver -L unimacro_ver -L secureip --snapshot tb_TaskC_behav xil_defaultlib.tb_TaskC xil_defaultlib.glbl -log elaborate.log"
Vivado Simulator 2020.1
Copyright 1986-1999, 2001-2020 Xilinx, Inc. All Rights Reserved.
Running: C:/Xilinx/Vivado/2020.1/bin/unwrapped/win64.o/xelab.exe -wto 8278c67cfe1343a0a18ec597b905aea1 --incr --debug typical --relax --mt 2 -L xil_defaultlib -L unisims_ver -L unimacro_ver -L secureip --snapshot tb_TaskC_behav xil_defaultlib.tb_TaskC xil_defaultlib.glbl -log elaborate.log 
Using 2 slave threads.
Starting static elaboration
Pass Through NonSizing Optimizer
Completed static elaboration
Starting simulation data flow analysis
Completed simulation data flow analysis
Time Resolution for simulation is 1ps
Compiling module xil_defaultlib.tb_TaskC
Compiling module xil_defaultlib.glbl
Built simulation snapshot tb_TaskC_behav
INFO: [USF-XSim-69] 'elaborate' step finished in '1' seconds
INFO: [USF-XSim-4] XSim::Simulate design
INFO: [USF-XSim-61] Executing 'SIMULATE' step in 'D:/CA_Project/SingleCycle_CA/SingleCycle_CA.sim/sim_1/behav/xsim'
INFO: [USF-XSim-98] *** Running xsim
   with args "tb_TaskC_behav -key {Behavioral:sim_1:Functional:tb_TaskC} -tclbatch {tb_TaskC.tcl} -log {simulate.log}"
INFO: [USF-XSim-8] Loading simulator feature
Vivado Simulator 2020.1
Time resolution is 1 ps
source tb_TaskC.tcl
# set curr_wave [current_wave_config]
# if { [string length $curr_wave] == 0 } {
#   if { [llength [get_objects]] > 0} {
#     add_wave /
#     set_property needs_save false [current_wave_config]
#   } else {
#      send_msg_id Add_Wave-1 WARNING "No top level signals found. Simulator will start without a wave window. If you want to open a wave window go to 'File->New Waveform Configuration' or type 'create_wave_config' in the TCL console."
#   }
# }
WARNING: [Simtcl 6-168] No object found for the given pattern.
WARNING: [Add_Wave-1] No top level signals found. Simulator will start without a wave window. If you want to open a wave window go to 'File->New Waveform Configuration' or type 'create_wave_config' in the TCL console.
# run 1000ns
INFO: [USF-XSim-96] XSim completed. Design snapshot 'tb_TaskC_behav' loaded.
INFO: [USF-XSim-97] XSim simulation ran for 1000ns
close_sim
INFO: [Simtcl 6-16] Simulation closed
launch_simulation
Command: launch_simulation 
INFO: [Vivado 12-5682] Launching behavioral simulation in 'D:/CA_Project/SingleCycle_CA/SingleCycle_CA.sim/sim_1/behav/xsim'
INFO: [SIM-utils-51] Simulation object is 'sim_1'
INFO: [SIM-utils-54] Inspecting design source files for 'tb_TaskC' in fileset 'sim_1'...
INFO: [SIM-utils-43] Exported 'D:/CA_Project/SingleCycle_CA/SingleCycle_CA.sim/sim_1/behav/xsim/task a.mem'
INFO: [SIM-utils-43] Exported 'D:/CA_Project/SingleCycle_CA/SingleCycle_CA.sim/sim_1/behav/xsim/task_b.mem'
INFO: [SIM-utils-43] Exported 'D:/CA_Project/SingleCycle_CA/SingleCycle_CA.sim/sim_1/behav/xsim/taskC.mem'
INFO: [SIM-utils-43] Exported 'D:/CA_Project/SingleCycle_CA/SingleCycle_CA.sim/sim_1/behav/xsim/machine_code.txt'
INFO: [USF-XSim-97] Finding global include files...
INFO: [USF-XSim-100] Fetching design files from 'sources_1'...(this may take a while)...
INFO: [USF-XSim-101] Fetching design files from 'sim_1'...
INFO: [USF-XSim-2] XSim::Compile design
INFO: [USF-XSim-61] Executing 'COMPILE and ANALYZE' step in 'D:/CA_Project/SingleCycle_CA/SingleCycle_CA.sim/sim_1/behav/xsim'
"xvlog --incr --relax -prj tb_TaskC_vlog.prj"
INFO: [VRFC 10-2263] Analyzing Verilog file "D:/CA_Project/SingleCycle_CA/SingleCycle_CA.srcs/sim_1/new/tb_TaskC.v" into library xil_defaultlib
INFO: [VRFC 10-311] analyzing module tb_TaskC
INFO: [USF-XSim-69] 'compile' step finished in '1' seconds
INFO: [USF-XSim-3] XSim::Elaborate design
INFO: [USF-XSim-61] Executing 'ELABORATE' step in 'D:/CA_Project/SingleCycle_CA/SingleCycle_CA.sim/sim_1/behav/xsim'
"xelab -wto 8278c67cfe1343a0a18ec597b905aea1 --incr --debug typical --relax --mt 2 -L xil_defaultlib -L unisims_ver -L unimacro_ver -L secureip --snapshot tb_TaskC_behav xil_defaultlib.tb_TaskC xil_defaultlib.glbl -log elaborate.log"
Vivado Simulator 2020.1
Copyright 1986-1999, 2001-2020 Xilinx, Inc. All Rights Reserved.
Running: C:/Xilinx/Vivado/2020.1/bin/unwrapped/win64.o/xelab.exe -wto 8278c67cfe1343a0a18ec597b905aea1 --incr --debug typical --relax --mt 2 -L xil_defaultlib -L unisims_ver -L unimacro_ver -L secureip --snapshot tb_TaskC_behav xil_defaultlib.tb_TaskC xil_defaultlib.glbl -log elaborate.log 
Using 2 slave threads.
Starting static elaboration
Pass Through NonSizing Optimizer
Completed static elaboration
Starting simulation data flow analysis
Completed simulation data flow analysis
Time Resolution for simulation is 1ps
Compiling module xil_defaultlib.ProgCounter
Compiling module xil_defaultlib.PcAdd4
Compiling module xil_defaultlib.instructionMemory
Compiling module xil_defaultlib.MainControl
Compiling module xil_defaultlib.RegisterFile
Compiling module xil_defaultlib.ImmGen
Compiling module xil_defaultlib.ALUControl
Compiling module xil_defaultlib.Mux2x1
Compiling module xil_defaultlib.ALU_1Bit
Compiling module xil_defaultlib.ALU_default
Compiling module xil_defaultlib.BranchAdder
Compiling module xil_defaultlib.DataMemory
Compiling module xil_defaultlib.Seg7
Compiling module xil_defaultlib.SingleCycle
Compiling module xil_defaultlib.tb_TaskC
Compiling module xil_defaultlib.glbl
Built simulation snapshot tb_TaskC_behav
INFO: [USF-XSim-69] 'elaborate' step finished in '2' seconds
INFO: [USF-XSim-4] XSim::Simulate design
INFO: [USF-XSim-61] Executing 'SIMULATE' step in 'D:/CA_Project/SingleCycle_CA/SingleCycle_CA.sim/sim_1/behav/xsim'
INFO: [USF-XSim-98] *** Running xsim
   with args "tb_TaskC_behav -key {Behavioral:sim_1:Functional:tb_TaskC} -tclbatch {tb_TaskC.tcl} -log {simulate.log}"
INFO: [USF-XSim-8] Loading simulator feature
Vivado Simulator 2020.1
Time resolution is 1 ps
source tb_TaskC.tcl
# set curr_wave [current_wave_config]
# if { [string length $curr_wave] == 0 } {
#   if { [llength [get_objects]] > 0} {
#     add_wave /
#     set_property needs_save false [current_wave_config]
#   } else {
#      send_msg_id Add_Wave-1 WARNING "No top level signals found. Simulator will start without a wave window. If you want to open a wave window go to 'File->New Waveform Configuration' or type 'create_wave_config' in the TCL console."
#   }
# }
# run 1000ns
INFO: [USF-XSim-96] XSim completed. Design snapshot 'tb_TaskC_behav' loaded.
INFO: [USF-XSim-97] XSim simulation ran for 1000ns
launch_simulation: Time (s): cpu = 00:00:03 ; elapsed = 00:00:05 . Memory (MB): peak = 2393.137 ; gain = 0.000
close_sim
INFO: [Simtcl 6-16] Simulation closed
reset_run synth_1
launch_runs impl_1 -to_step write_bitstream -jobs 10
[Wed Apr 22 12:13:38 2026] Launched synth_1...
Run output will be captured here: D:/CA_Project/SingleCycle_CA/SingleCycle_CA.runs/synth_1/runme.log
[Wed Apr 22 12:13:38 2026] Launched impl_1...
Run output will be captured here: D:/CA_Project/SingleCycle_CA/SingleCycle_CA.runs/impl_1/runme.log
open_hw_manager
connect_hw_server -allow_non_jtag
INFO: [Labtools 27-2285] Connecting to hw_server url TCP:localhost:3121
INFO: [Labtools 27-2222] Launching hw_server...
INFO: [Labtools 27-2221] Launch Output:

****** Xilinx hw_server v2020.1
  **** Build date : May 27 2020 at 20:24:38
    ** Copyright 1986-2020 Xilinx, Inc. All Rights Reserved.


INFO: [Labtools 27-3415] Connecting to cs_server url TCP:localhost:3042
INFO: [Labtools 27-3417] Launching cs_server...
INFO: [Labtools 27-2221] Launch Output:
Cannot send datagram packet to /10.5.0.255
OSError: [WinError 10022] An invalid argument was supplied
  File "chipscopy\tcf\services\local\LocatorService.py", line 704, in __sendDatagramPacket


****** Xilinx cs_server v2020.1.0
  **** Build date : May 14 2020-06:10:29
    ** Copyright 2017-2020 Xilinx, Inc. All Rights Reserved.



connect_hw_server: Time (s): cpu = 00:00:00 ; elapsed = 00:00:06 . Memory (MB): peak = 2393.137 ; gain = 0.000
open_hw_target
INFO: [Labtoolstcl 44-466] Opening hw_target localhost:3121/xilinx_tcf/Digilent/210183AF305BA
set_property PROGRAM.FILE {D:/CA_Project/SingleCycle_CA/SingleCycle_CA.runs/impl_1/SingleCycle.bit} [get_hw_devices xc7a35t_0]
current_hw_device [get_hw_devices xc7a35t_0]
refresh_hw_device -update_hw_probes false [lindex [get_hw_devices xc7a35t_0] 0]
INFO: [Labtools 27-1434] Device xc7a35t (JTAG device index = 0) is programmed with a design that has no supported debug core(s) in it.
set_property PROBES.FILE {} [get_hw_devices xc7a35t_0]
set_property FULL_PROBES.FILE {} [get_hw_devices xc7a35t_0]
set_property PROGRAM.FILE {D:/CA_Project/SingleCycle_CA/SingleCycle_CA.runs/impl_1/SingleCycle.bit} [get_hw_devices xc7a35t_0]
program_hw_devices [get_hw_devices xc7a35t_0]
INFO: [Labtools 27-3164] End of startup status: HIGH
refresh_hw_device [lindex [get_hw_devices xc7a35t_0] 0]
INFO: [Labtools 27-1434] Device xc7a35t (JTAG device index = 0) is programmed with a design that has no supported debug core(s) in it.
close_hw_manager
launch_simulation
Command: launch_simulation 
INFO: [Vivado 12-5682] Launching behavioral simulation in 'D:/CA_Project/SingleCycle_CA/SingleCycle_CA.sim/sim_1/behav/xsim'
INFO: [SIM-utils-51] Simulation object is 'sim_1'
INFO: [SIM-utils-54] Inspecting design source files for 'tb_TaskC' in fileset 'sim_1'...
INFO: [SIM-utils-43] Exported 'D:/CA_Project/SingleCycle_CA/SingleCycle_CA.sim/sim_1/behav/xsim/task a.mem'
INFO: [SIM-utils-43] Exported 'D:/CA_Project/SingleCycle_CA/SingleCycle_CA.sim/sim_1/behav/xsim/task_b.mem'
INFO: [SIM-utils-43] Exported 'D:/CA_Project/SingleCycle_CA/SingleCycle_CA.sim/sim_1/behav/xsim/taskC.mem'
INFO: [SIM-utils-43] Exported 'D:/CA_Project/SingleCycle_CA/SingleCycle_CA.sim/sim_1/behav/xsim/machine_code.txt'
INFO: [USF-XSim-97] Finding global include files...
INFO: [USF-XSim-100] Fetching design files from 'sources_1'...(this may take a while)...
INFO: [USF-XSim-101] Fetching design files from 'sim_1'...
INFO: [USF-XSim-2] XSim::Compile design
INFO: [USF-XSim-61] Executing 'COMPILE and ANALYZE' step in 'D:/CA_Project/SingleCycle_CA/SingleCycle_CA.sim/sim_1/behav/xsim'
"xvlog --incr --relax -prj tb_TaskC_vlog.prj"
INFO: [VRFC 10-2263] Analyzing Verilog file "D:/CA_Project/SingleCycle_CA/SingleCycle_CA.srcs/sources_1/new/2x1Mux.v" into library xil_defaultlib
INFO: [VRFC 10-311] analyzing module Mux2x1
INFO: [VRFC 10-2263] Analyzing Verilog file "D:/CA_Project/SingleCycle_CA/SingleCycle_CA.srcs/sources_1/new/ALU.v" into library xil_defaultlib
INFO: [VRFC 10-311] analyzing module ALU
INFO: [VRFC 10-2263] Analyzing Verilog file "D:/CA_Project/SingleCycle_CA/SingleCycle_CA.srcs/sources_1/new/ALUControl.v" into library xil_defaultlib
INFO: [VRFC 10-311] analyzing module ALUControl
INFO: [VRFC 10-2263] Analyzing Verilog file "D:/CA_Project/SingleCycle_CA/SingleCycle_CA.srcs/sources_1/new/ALU_1Bit.v" into library xil_defaultlib
INFO: [VRFC 10-311] analyzing module ALU_1Bit
INFO: [VRFC 10-2263] Analyzing Verilog file "D:/CA_Project/SingleCycle_CA/SingleCycle_CA.srcs/sources_1/new/BranchAdder.v" into library xil_defaultlib
INFO: [VRFC 10-311] analyzing module BranchAdder
INFO: [VRFC 10-2263] Analyzing Verilog file "D:/CA_Project/SingleCycle_CA/SingleCycle_CA.srcs/sources_1/new/DataMemory.v" into library xil_defaultlib
INFO: [VRFC 10-311] analyzing module DataMemory
INFO: [VRFC 10-2263] Analyzing Verilog file "D:/CA_Project/SingleCycle_CA/SingleCycle_CA.srcs/sources_1/new/ImmGen.v" into library xil_defaultlib
INFO: [VRFC 10-311] analyzing module ImmGen
INFO: [VRFC 10-2263] Analyzing Verilog file "D:/CA_Project/SingleCycle_CA/SingleCycle_CA.srcs/sources_1/new/MainControl.v" into library xil_defaultlib
INFO: [VRFC 10-311] analyzing module MainControl
INFO: [VRFC 10-2263] Analyzing Verilog file "D:/CA_Project/SingleCycle_CA/SingleCycle_CA.srcs/sources_1/new/PcAdd4.v" into library xil_defaultlib
INFO: [VRFC 10-311] analyzing module PcAdd4
INFO: [VRFC 10-2263] Analyzing Verilog file "D:/CA_Project/SingleCycle_CA/SingleCycle_CA.srcs/sources_1/new/ProgCounter.v" into library xil_defaultlib
INFO: [VRFC 10-311] analyzing module ProgCounter
INFO: [VRFC 10-2263] Analyzing Verilog file "D:/CA_Project/SingleCycle_CA/SingleCycle_CA.srcs/sources_1/new/RegisterFile.v" into library xil_defaultlib
INFO: [VRFC 10-311] analyzing module RegisterFile
INFO: [VRFC 10-2263] Analyzing Verilog file "D:/CA_Project/SingleCycle_CA/SingleCycle_CA.srcs/sources_1/new/instructionMemory.v" into library xil_defaultlib
INFO: [VRFC 10-311] analyzing module instructionMemory
INFO: [VRFC 10-2263] Analyzing Verilog file "D:/CA_Project/SingleCycle_CA/SingleCycle_CA.srcs/sources_1/new/SingleCycle.v" into library xil_defaultlib
INFO: [VRFC 10-311] analyzing module SingleCycle
INFO: [VRFC 10-2263] Analyzing Verilog file "D:/CA_Project/SingleCycle_CA/SingleCycle_CA.srcs/sources_1/new/switches.v" into library xil_defaultlib
INFO: [VRFC 10-311] analyzing module switches
INFO: [VRFC 10-2263] Analyzing Verilog file "D:/CA_Project/SingleCycle_CA/SingleCycle_CA.srcs/sources_1/new/led.v" into library xil_defaultlib
INFO: [VRFC 10-311] analyzing module leds
INFO: [VRFC 10-2263] Analyzing Verilog file "D:/CA_Project/SingleCycle_CA/SingleCycle_CA.srcs/sources_1/new/7seg.v" into library xil_defaultlib
INFO: [VRFC 10-311] analyzing module Seg7
INFO: [VRFC 10-2263] Analyzing Verilog file "D:/CA_Project/SingleCycle_CA/SingleCycle_CA.srcs/sim_1/new/SingleCycle_tb.v" into library xil_defaultlib
INFO: [VRFC 10-311] analyzing module SingleCycle_tb
INFO: [VRFC 10-2263] Analyzing Verilog file "D:/CA_Project/SingleCycle_CA/SingleCycle_CA.srcs/sim_1/new/datamem_test.v" into library xil_defaultlib
INFO: [VRFC 10-311] analyzing module DataMemory_BUG
INFO: [VRFC 10-311] analyzing module DataMemory_FIXED
INFO: [VRFC 10-311] analyzing module tb_DataMemory_compare
INFO: [VRFC 10-2263] Analyzing Verilog file "D:/CA_Project/SingleCycle_CA/SingleCycle_CA.srcs/sim_1/new/taskB_tb.v" into library xil_defaultlib
INFO: [VRFC 10-311] analyzing module tb_TaskB
INFO: [VRFC 10-2263] Analyzing Verilog file "D:/CA_Project/SingleCycle_CA/SingleCycle_CA.srcs/sim_1/new/tb_TaskC.v" into library xil_defaultlib
INFO: [VRFC 10-311] analyzing module tb_TaskC
INFO: [USF-XSim-69] 'compile' step finished in '1' seconds
INFO: [USF-XSim-3] XSim::Elaborate design
INFO: [USF-XSim-61] Executing 'ELABORATE' step in 'D:/CA_Project/SingleCycle_CA/SingleCycle_CA.sim/sim_1/behav/xsim'
"xelab -wto 8278c67cfe1343a0a18ec597b905aea1 --incr --debug typical --relax --mt 2 -L xil_defaultlib -L unisims_ver -L unimacro_ver -L secureip --snapshot tb_TaskC_behav xil_defaultlib.tb_TaskC xil_defaultlib.glbl -log elaborate.log"
Vivado Simulator 2020.1
Copyright 1986-1999, 2001-2020 Xilinx, Inc. All Rights Reserved.
Running: C:/Xilinx/Vivado/2020.1/bin/unwrapped/win64.o/xelab.exe -wto 8278c67cfe1343a0a18ec597b905aea1 --incr --debug typical --relax --mt 2 -L xil_defaultlib -L unisims_ver -L unimacro_ver -L secureip --snapshot tb_TaskC_behav xil_defaultlib.tb_TaskC xil_defaultlib.glbl -log elaborate.log 
Using 2 slave threads.
Starting static elaboration
Pass Through NonSizing Optimizer
Completed static elaboration
Starting simulation data flow analysis
Completed simulation data flow analysis
Time Resolution for simulation is 1ps
Compiling module xil_defaultlib.ProgCounter
Compiling module xil_defaultlib.PcAdd4
Compiling module xil_defaultlib.instructionMemory
Compiling module xil_defaultlib.MainControl
Compiling module xil_defaultlib.RegisterFile
Compiling module xil_defaultlib.ImmGen
Compiling module xil_defaultlib.ALUControl
Compiling module xil_defaultlib.Mux2x1
Compiling module xil_defaultlib.ALU_1Bit
Compiling module xil_defaultlib.ALU_default
Compiling module xil_defaultlib.BranchAdder
Compiling module xil_defaultlib.DataMemory
Compiling module xil_defaultlib.Seg7
Compiling module xil_defaultlib.SingleCycle
Compiling module xil_defaultlib.tb_TaskC
Compiling module xil_defaultlib.glbl
Built simulation snapshot tb_TaskC_behav
INFO: [USF-XSim-69] 'elaborate' step finished in '2' seconds
INFO: [USF-XSim-4] XSim::Simulate design
INFO: [USF-XSim-61] Executing 'SIMULATE' step in 'D:/CA_Project/SingleCycle_CA/SingleCycle_CA.sim/sim_1/behav/xsim'
INFO: [USF-XSim-98] *** Running xsim
   with args "tb_TaskC_behav -key {Behavioral:sim_1:Functional:tb_TaskC} -tclbatch {tb_TaskC.tcl} -log {simulate.log}"
INFO: [USF-XSim-8] Loading simulator feature
Vivado Simulator 2020.1
Time resolution is 1 ps
source tb_TaskC.tcl
# set curr_wave [current_wave_config]
# if { [string length $curr_wave] == 0 } {
#   if { [llength [get_objects]] > 0} {
#     add_wave /
#     set_property needs_save false [current_wave_config]
#   } else {
#      send_msg_id Add_Wave-1 WARNING "No top level signals found. Simulator will start without a wave window. If you want to open a wave window go to 'File->New Waveform Configuration' or type 'create_wave_config' in the TCL console."
#   }
# }
# run 1000ns
INFO: [USF-XSim-96] XSim completed. Design snapshot 'tb_TaskC_behav' loaded.
INFO: [USF-XSim-97] XSim simulation ran for 1000ns
run 10ms
Time: 8000000 | Switch Input (N) = 6 | LEDs Output =     5 (Expected: 5)
$finish called at time : 9 us : File "D:/CA_Project/SingleCycle_CA/SingleCycle_CA.srcs/sim_1/new/tb_TaskC.v" Line 48
close_sim
INFO: [Simtcl 6-16] Simulation closed
reset_run synth_1
launch_runs impl_1 -to_step write_bitstream -jobs 10
[Wed Apr 22 12:27:01 2026] Launched synth_1...
Run output will be captured here: D:/CA_Project/SingleCycle_CA/SingleCycle_CA.runs/synth_1/runme.log
[Wed Apr 22 12:27:01 2026] Launched impl_1...
Run output will be captured here: D:/CA_Project/SingleCycle_CA/SingleCycle_CA.runs/impl_1/runme.log
open_hw_manager
connect_hw_server -allow_non_jtag
INFO: [Labtools 27-2285] Connecting to hw_server url TCP:localhost:3121
INFO: [Labtools 27-2222] Launching hw_server...
INFO: [Labtools 27-2221] Launch Output:

****** Xilinx hw_server v2020.1
  **** Build date : May 27 2020 at 20:24:38
    ** Copyright 1986-2020 Xilinx, Inc. All Rights Reserved.


INFO: [Labtools 27-3415] Connecting to cs_server url TCP:localhost:3042
INFO: [Labtools 27-3417] Launching cs_server...
INFO: [Labtools 27-2221] Launch Output:
Cannot send datagram packet to /10.5.0.255
OSError: [WinError 10022] An invalid argument was supplied
  File "chipscopy\tcf\services\local\LocatorService.py", line 704, in __sendDatagramPacket


****** Xilinx cs_server v2020.1.0
  **** Build date : May 14 2020-06:10:29
    ** Copyright 2017-2020 Xilinx, Inc. All Rights Reserved.



connect_hw_server: Time (s): cpu = 00:00:00 ; elapsed = 00:00:07 . Memory (MB): peak = 2399.711 ; gain = 0.000
open_hw_target
INFO: [Labtoolstcl 44-466] Opening hw_target localhost:3121/xilinx_tcf/Digilent/210183AF305BA
set_property PROGRAM.FILE {D:/CA_Project/SingleCycle_CA/SingleCycle_CA.runs/impl_1/SingleCycle.bit} [get_hw_devices xc7a35t_0]
current_hw_device [get_hw_devices xc7a35t_0]
refresh_hw_device -update_hw_probes false [lindex [get_hw_devices xc7a35t_0] 0]
INFO: [Labtools 27-1434] Device xc7a35t (JTAG device index = 0) is programmed with a design that has no supported debug core(s) in it.
set_property PROBES.FILE {} [get_hw_devices xc7a35t_0]
set_property FULL_PROBES.FILE {} [get_hw_devices xc7a35t_0]
set_property PROGRAM.FILE {D:/CA_Project/SingleCycle_CA/SingleCycle_CA.runs/impl_1/SingleCycle.bit} [get_hw_devices xc7a35t_0]
program_hw_devices [get_hw_devices xc7a35t_0]
INFO: [Labtools 27-3164] End of startup status: HIGH
refresh_hw_device [lindex [get_hw_devices xc7a35t_0] 0]
INFO: [Labtools 27-1434] Device xc7a35t (JTAG device index = 0) is programmed with a design that has no supported debug core(s) in it.
close_hw_manager
launch_simulation
Command: launch_simulation 
INFO: [Vivado 12-5682] Launching behavioral simulation in 'D:/CA_Project/SingleCycle_CA/SingleCycle_CA.sim/sim_1/behav/xsim'
INFO: [SIM-utils-51] Simulation object is 'sim_1'
INFO: [SIM-utils-54] Inspecting design source files for 'tb_TaskC' in fileset 'sim_1'...
INFO: [SIM-utils-43] Exported 'D:/CA_Project/SingleCycle_CA/SingleCycle_CA.sim/sim_1/behav/xsim/task a.mem'
INFO: [SIM-utils-43] Exported 'D:/CA_Project/SingleCycle_CA/SingleCycle_CA.sim/sim_1/behav/xsim/task_b.mem'
INFO: [SIM-utils-43] Exported 'D:/CA_Project/SingleCycle_CA/SingleCycle_CA.sim/sim_1/behav/xsim/taskC.mem'
INFO: [SIM-utils-43] Exported 'D:/CA_Project/SingleCycle_CA/SingleCycle_CA.sim/sim_1/behav/xsim/machine_code.txt'
INFO: [USF-XSim-97] Finding global include files...
INFO: [USF-XSim-100] Fetching design files from 'sources_1'...(this may take a while)...
INFO: [USF-XSim-101] Fetching design files from 'sim_1'...
INFO: [USF-XSim-2] XSim::Compile design
INFO: [USF-XSim-61] Executing 'COMPILE and ANALYZE' step in 'D:/CA_Project/SingleCycle_CA/SingleCycle_CA.sim/sim_1/behav/xsim'
"xvlog --incr --relax -prj tb_TaskC_vlog.prj"
INFO: [VRFC 10-2263] Analyzing Verilog file "D:/CA_Project/SingleCycle_CA/SingleCycle_CA.srcs/sources_1/new/2x1Mux.v" into library xil_defaultlib
INFO: [VRFC 10-311] analyzing module Mux2x1
INFO: [VRFC 10-2263] Analyzing Verilog file "D:/CA_Project/SingleCycle_CA/SingleCycle_CA.srcs/sources_1/new/ALU.v" into library xil_defaultlib
INFO: [VRFC 10-311] analyzing module ALU
INFO: [VRFC 10-2263] Analyzing Verilog file "D:/CA_Project/SingleCycle_CA/SingleCycle_CA.srcs/sources_1/new/ALUControl.v" into library xil_defaultlib
INFO: [VRFC 10-311] analyzing module ALUControl
INFO: [VRFC 10-2263] Analyzing Verilog file "D:/CA_Project/SingleCycle_CA/SingleCycle_CA.srcs/sources_1/new/ALU_1Bit.v" into library xil_defaultlib
INFO: [VRFC 10-311] analyzing module ALU_1Bit
INFO: [VRFC 10-2263] Analyzing Verilog file "D:/CA_Project/SingleCycle_CA/SingleCycle_CA.srcs/sources_1/new/BranchAdder.v" into library xil_defaultlib
INFO: [VRFC 10-311] analyzing module BranchAdder
INFO: [VRFC 10-2263] Analyzing Verilog file "D:/CA_Project/SingleCycle_CA/SingleCycle_CA.srcs/sources_1/new/DataMemory.v" into library xil_defaultlib
INFO: [VRFC 10-311] analyzing module DataMemory
INFO: [VRFC 10-2263] Analyzing Verilog file "D:/CA_Project/SingleCycle_CA/SingleCycle_CA.srcs/sources_1/new/ImmGen.v" into library xil_defaultlib
INFO: [VRFC 10-311] analyzing module ImmGen
INFO: [VRFC 10-2263] Analyzing Verilog file "D:/CA_Project/SingleCycle_CA/SingleCycle_CA.srcs/sources_1/new/MainControl.v" into library xil_defaultlib
INFO: [VRFC 10-311] analyzing module MainControl
INFO: [VRFC 10-2263] Analyzing Verilog file "D:/CA_Project/SingleCycle_CA/SingleCycle_CA.srcs/sources_1/new/PcAdd4.v" into library xil_defaultlib
INFO: [VRFC 10-311] analyzing module PcAdd4
INFO: [VRFC 10-2263] Analyzing Verilog file "D:/CA_Project/SingleCycle_CA/SingleCycle_CA.srcs/sources_1/new/ProgCounter.v" into library xil_defaultlib
INFO: [VRFC 10-311] analyzing module ProgCounter
INFO: [VRFC 10-2263] Analyzing Verilog file "D:/CA_Project/SingleCycle_CA/SingleCycle_CA.srcs/sources_1/new/RegisterFile.v" into library xil_defaultlib
INFO: [VRFC 10-311] analyzing module RegisterFile
INFO: [VRFC 10-2263] Analyzing Verilog file "D:/CA_Project/SingleCycle_CA/SingleCycle_CA.srcs/sources_1/new/instructionMemory.v" into library xil_defaultlib
INFO: [VRFC 10-311] analyzing module instructionMemory
INFO: [VRFC 10-2263] Analyzing Verilog file "D:/CA_Project/SingleCycle_CA/SingleCycle_CA.srcs/sources_1/new/SingleCycle.v" into library xil_defaultlib
INFO: [VRFC 10-311] analyzing module SingleCycle
INFO: [VRFC 10-2263] Analyzing Verilog file "D:/CA_Project/SingleCycle_CA/SingleCycle_CA.srcs/sources_1/new/switches.v" into library xil_defaultlib
INFO: [VRFC 10-311] analyzing module switches
INFO: [VRFC 10-2263] Analyzing Verilog file "D:/CA_Project/SingleCycle_CA/SingleCycle_CA.srcs/sources_1/new/led.v" into library xil_defaultlib
INFO: [VRFC 10-311] analyzing module leds
INFO: [VRFC 10-2263] Analyzing Verilog file "D:/CA_Project/SingleCycle_CA/SingleCycle_CA.srcs/sources_1/new/7seg.v" into library xil_defaultlib
INFO: [VRFC 10-311] analyzing module Seg7
INFO: [VRFC 10-2263] Analyzing Verilog file "D:/CA_Project/SingleCycle_CA/SingleCycle_CA.srcs/sim_1/new/SingleCycle_tb.v" into library xil_defaultlib
INFO: [VRFC 10-311] analyzing module SingleCycle_tb
INFO: [VRFC 10-2263] Analyzing Verilog file "D:/CA_Project/SingleCycle_CA/SingleCycle_CA.srcs/sim_1/new/datamem_test.v" into library xil_defaultlib
INFO: [VRFC 10-311] analyzing module DataMemory_BUG
INFO: [VRFC 10-311] analyzing module DataMemory_FIXED
INFO: [VRFC 10-311] analyzing module tb_DataMemory_compare
INFO: [VRFC 10-2263] Analyzing Verilog file "D:/CA_Project/SingleCycle_CA/SingleCycle_CA.srcs/sim_1/new/taskB_tb.v" into library xil_defaultlib
INFO: [VRFC 10-311] analyzing module tb_TaskB
INFO: [VRFC 10-2263] Analyzing Verilog file "D:/CA_Project/SingleCycle_CA/SingleCycle_CA.srcs/sim_1/new/tb_TaskC.v" into library xil_defaultlib
INFO: [VRFC 10-311] analyzing module tb_TaskC
INFO: [USF-XSim-69] 'compile' step finished in '1' seconds
INFO: [USF-XSim-3] XSim::Elaborate design
INFO: [USF-XSim-61] Executing 'ELABORATE' step in 'D:/CA_Project/SingleCycle_CA/SingleCycle_CA.sim/sim_1/behav/xsim'
"xelab -wto 8278c67cfe1343a0a18ec597b905aea1 --incr --debug typical --relax --mt 2 -L xil_defaultlib -L unisims_ver -L unimacro_ver -L secureip --snapshot tb_TaskC_behav xil_defaultlib.tb_TaskC xil_defaultlib.glbl -log elaborate.log"
Vivado Simulator 2020.1
Copyright 1986-1999, 2001-2020 Xilinx, Inc. All Rights Reserved.
Running: C:/Xilinx/Vivado/2020.1/bin/unwrapped/win64.o/xelab.exe -wto 8278c67cfe1343a0a18ec597b905aea1 --incr --debug typical --relax --mt 2 -L xil_defaultlib -L unisims_ver -L unimacro_ver -L secureip --snapshot tb_TaskC_behav xil_defaultlib.tb_TaskC xil_defaultlib.glbl -log elaborate.log 
Using 2 slave threads.
Starting static elaboration
Pass Through NonSizing Optimizer
Completed static elaboration
Starting simulation data flow analysis
Completed simulation data flow analysis
Time Resolution for simulation is 1ps
Compiling module xil_defaultlib.ProgCounter
Compiling module xil_defaultlib.PcAdd4
Compiling module xil_defaultlib.instructionMemory
Compiling module xil_defaultlib.MainControl
Compiling module xil_defaultlib.RegisterFile
Compiling module xil_defaultlib.ImmGen
Compiling module xil_defaultlib.ALUControl
Compiling module xil_defaultlib.Mux2x1
Compiling module xil_defaultlib.ALU_1Bit
Compiling module xil_defaultlib.ALU_default
Compiling module xil_defaultlib.BranchAdder
Compiling module xil_defaultlib.DataMemory
Compiling module xil_defaultlib.Seg7
Compiling module xil_defaultlib.SingleCycle
Compiling module xil_defaultlib.tb_TaskC
Compiling module xil_defaultlib.glbl
Built simulation snapshot tb_TaskC_behav
INFO: [USF-XSim-69] 'elaborate' step finished in '3' seconds
INFO: [USF-XSim-4] XSim::Simulate design
INFO: [USF-XSim-61] Executing 'SIMULATE' step in 'D:/CA_Project/SingleCycle_CA/SingleCycle_CA.sim/sim_1/behav/xsim'
INFO: [USF-XSim-98] *** Running xsim
   with args "tb_TaskC_behav -key {Behavioral:sim_1:Functional:tb_TaskC} -tclbatch {tb_TaskC.tcl} -log {simulate.log}"
INFO: [USF-XSim-8] Loading simulator feature
Vivado Simulator 2020.1
Time resolution is 1 ps
source tb_TaskC.tcl
# set curr_wave [current_wave_config]
# if { [string length $curr_wave] == 0 } {
#   if { [llength [get_objects]] > 0} {
#     add_wave /
#     set_property needs_save false [current_wave_config]
#   } else {
#      send_msg_id Add_Wave-1 WARNING "No top level signals found. Simulator will start without a wave window. If you want to open a wave window go to 'File->New Waveform Configuration' or type 'create_wave_config' in the TCL console."
#   }
# }
# run 1000ns
INFO: [USF-XSim-96] XSim completed. Design snapshot 'tb_TaskC_behav' loaded.
INFO: [USF-XSim-97] XSim simulation ran for 1000ns
launch_simulation: Time (s): cpu = 00:00:02 ; elapsed = 00:00:06 . Memory (MB): peak = 2401.016 ; gain = 0.000
run 10ms
Time: 8000000 | Switch Input (N) = 6 | LEDs Output =     5 (Expected: 5)
$finish called at time : 9 us : File "D:/CA_Project/SingleCycle_CA/SingleCycle_CA.srcs/sim_1/new/tb_TaskC.v" Line 48
close_sim
INFO: [Simtcl 6-16] Simulation closed
set_property top tb_TaskB [get_filesets sim_1]
set_property top_lib xil_defaultlib [get_filesets sim_1]
reset_run synth_1
launch_runs impl_1 -to_step write_bitstream -jobs 10
[Wed Apr 22 12:39:48 2026] Launched synth_1...
Run output will be captured here: D:/CA_Project/SingleCycle_CA/SingleCycle_CA.runs/synth_1/runme.log
[Wed Apr 22 12:39:48 2026] Launched impl_1...
Run output will be captured here: D:/CA_Project/SingleCycle_CA/SingleCycle_CA.runs/impl_1/runme.log
launch_simulation
Command: launch_simulation 
INFO: [Vivado 12-5682] Launching behavioral simulation in 'D:/CA_Project/SingleCycle_CA/SingleCycle_CA.sim/sim_1/behav/xsim'
INFO: [SIM-utils-51] Simulation object is 'sim_1'
INFO: [SIM-utils-54] Inspecting design source files for 'tb_TaskB' in fileset 'sim_1'...
INFO: [SIM-utils-43] Exported 'D:/CA_Project/SingleCycle_CA/SingleCycle_CA.sim/sim_1/behav/xsim/task a.mem'
INFO: [SIM-utils-43] Exported 'D:/CA_Project/SingleCycle_CA/SingleCycle_CA.sim/sim_1/behav/xsim/task_b.mem'
INFO: [SIM-utils-43] Exported 'D:/CA_Project/SingleCycle_CA/SingleCycle_CA.sim/sim_1/behav/xsim/taskC.mem'
INFO: [SIM-utils-43] Exported 'D:/CA_Project/SingleCycle_CA/SingleCycle_CA.sim/sim_1/behav/xsim/machine_code.txt'
INFO: [USF-XSim-97] Finding global include files...
INFO: [USF-XSim-100] Fetching design files from 'sources_1'...(this may take a while)...
INFO: [USF-XSim-101] Fetching design files from 'sim_1'...
INFO: [USF-XSim-2] XSim::Compile design
INFO: [USF-XSim-61] Executing 'COMPILE and ANALYZE' step in 'D:/CA_Project/SingleCycle_CA/SingleCycle_CA.sim/sim_1/behav/xsim'
"xvlog --incr --relax -prj tb_TaskB_vlog.prj"
INFO: [VRFC 10-2263] Analyzing Verilog file "D:/CA_Project/SingleCycle_CA/SingleCycle_CA.srcs/sources_1/new/2x1Mux.v" into library xil_defaultlib
INFO: [VRFC 10-311] analyzing module Mux2x1
INFO: [VRFC 10-2263] Analyzing Verilog file "D:/CA_Project/SingleCycle_CA/SingleCycle_CA.srcs/sources_1/new/ALU.v" into library xil_defaultlib
INFO: [VRFC 10-311] analyzing module ALU
INFO: [VRFC 10-2263] Analyzing Verilog file "D:/CA_Project/SingleCycle_CA/SingleCycle_CA.srcs/sources_1/new/ALUControl.v" into library xil_defaultlib
INFO: [VRFC 10-311] analyzing module ALUControl
INFO: [VRFC 10-2263] Analyzing Verilog file "D:/CA_Project/SingleCycle_CA/SingleCycle_CA.srcs/sources_1/new/ALU_1Bit.v" into library xil_defaultlib
INFO: [VRFC 10-311] analyzing module ALU_1Bit
INFO: [VRFC 10-2263] Analyzing Verilog file "D:/CA_Project/SingleCycle_CA/SingleCycle_CA.srcs/sources_1/new/BranchAdder.v" into library xil_defaultlib
INFO: [VRFC 10-311] analyzing module BranchAdder
INFO: [VRFC 10-2263] Analyzing Verilog file "D:/CA_Project/SingleCycle_CA/SingleCycle_CA.srcs/sources_1/new/DataMemory.v" into library xil_defaultlib
INFO: [VRFC 10-311] analyzing module DataMemory
INFO: [VRFC 10-2263] Analyzing Verilog file "D:/CA_Project/SingleCycle_CA/SingleCycle_CA.srcs/sources_1/new/ImmGen.v" into library xil_defaultlib
INFO: [VRFC 10-311] analyzing module ImmGen
INFO: [VRFC 10-2263] Analyzing Verilog file "D:/CA_Project/SingleCycle_CA/SingleCycle_CA.srcs/sources_1/new/MainControl.v" into library xil_defaultlib
INFO: [VRFC 10-311] analyzing module MainControl
INFO: [VRFC 10-2263] Analyzing Verilog file "D:/CA_Project/SingleCycle_CA/SingleCycle_CA.srcs/sources_1/new/PcAdd4.v" into library xil_defaultlib
INFO: [VRFC 10-311] analyzing module PcAdd4
INFO: [VRFC 10-2263] Analyzing Verilog file "D:/CA_Project/SingleCycle_CA/SingleCycle_CA.srcs/sources_1/new/ProgCounter.v" into library xil_defaultlib
INFO: [VRFC 10-311] analyzing module ProgCounter
INFO: [VRFC 10-2263] Analyzing Verilog file "D:/CA_Project/SingleCycle_CA/SingleCycle_CA.srcs/sources_1/new/RegisterFile.v" into library xil_defaultlib
INFO: [VRFC 10-311] analyzing module RegisterFile
INFO: [VRFC 10-2263] Analyzing Verilog file "D:/CA_Project/SingleCycle_CA/SingleCycle_CA.srcs/sources_1/new/instructionMemory.v" into library xil_defaultlib
INFO: [VRFC 10-311] analyzing module instructionMemory
INFO: [VRFC 10-2263] Analyzing Verilog file "D:/CA_Project/SingleCycle_CA/SingleCycle_CA.srcs/sources_1/new/SingleCycle.v" into library xil_defaultlib
INFO: [VRFC 10-311] analyzing module SingleCycle
INFO: [VRFC 10-2263] Analyzing Verilog file "D:/CA_Project/SingleCycle_CA/SingleCycle_CA.srcs/sources_1/new/switches.v" into library xil_defaultlib
INFO: [VRFC 10-311] analyzing module switches
INFO: [VRFC 10-2263] Analyzing Verilog file "D:/CA_Project/SingleCycle_CA/SingleCycle_CA.srcs/sources_1/new/led.v" into library xil_defaultlib
INFO: [VRFC 10-311] analyzing module leds
INFO: [VRFC 10-2263] Analyzing Verilog file "D:/CA_Project/SingleCycle_CA/SingleCycle_CA.srcs/sources_1/new/7seg.v" into library xil_defaultlib
INFO: [VRFC 10-311] analyzing module Seg7
INFO: [VRFC 10-2263] Analyzing Verilog file "D:/CA_Project/SingleCycle_CA/SingleCycle_CA.srcs/sim_1/new/SingleCycle_tb.v" into library xil_defaultlib
INFO: [VRFC 10-311] analyzing module SingleCycle_tb
INFO: [VRFC 10-2263] Analyzing Verilog file "D:/CA_Project/SingleCycle_CA/SingleCycle_CA.srcs/sim_1/new/datamem_test.v" into library xil_defaultlib
INFO: [VRFC 10-311] analyzing module DataMemory_BUG
INFO: [VRFC 10-311] analyzing module DataMemory_FIXED
INFO: [VRFC 10-311] analyzing module tb_DataMemory_compare
INFO: [VRFC 10-2263] Analyzing Verilog file "D:/CA_Project/SingleCycle_CA/SingleCycle_CA.srcs/sim_1/new/taskB_tb.v" into library xil_defaultlib
INFO: [VRFC 10-311] analyzing module tb_TaskB
INFO: [VRFC 10-2263] Analyzing Verilog file "D:/CA_Project/SingleCycle_CA/SingleCycle_CA.srcs/sim_1/new/tb_TaskC.v" into library xil_defaultlib
INFO: [VRFC 10-311] analyzing module tb_TaskC
INFO: [USF-XSim-69] 'compile' step finished in '1' seconds
INFO: [USF-XSim-3] XSim::Elaborate design
INFO: [USF-XSim-61] Executing 'ELABORATE' step in 'D:/CA_Project/SingleCycle_CA/SingleCycle_CA.sim/sim_1/behav/xsim'
"xelab -wto 8278c67cfe1343a0a18ec597b905aea1 --incr --debug typical --relax --mt 2 -L xil_defaultlib -L unisims_ver -L unimacro_ver -L secureip --snapshot tb_TaskB_behav xil_defaultlib.tb_TaskB xil_defaultlib.glbl -log elaborate.log"
Vivado Simulator 2020.1
Copyright 1986-1999, 2001-2020 Xilinx, Inc. All Rights Reserved.
Running: C:/Xilinx/Vivado/2020.1/bin/unwrapped/win64.o/xelab.exe -wto 8278c67cfe1343a0a18ec597b905aea1 --incr --debug typical --relax --mt 2 -L xil_defaultlib -L unisims_ver -L unimacro_ver -L secureip --snapshot tb_TaskB_behav xil_defaultlib.tb_TaskB xil_defaultlib.glbl -log elaborate.log 
Using 2 slave threads.
Starting static elaboration
Pass Through NonSizing Optimizer
Completed static elaboration
Starting simulation data flow analysis
Completed simulation data flow analysis
Time Resolution for simulation is 1ps
Compiling module xil_defaultlib.ProgCounter
Compiling module xil_defaultlib.PcAdd4
Compiling module xil_defaultlib.instructionMemory
Compiling module xil_defaultlib.MainControl
Compiling module xil_defaultlib.RegisterFile
Compiling module xil_defaultlib.ImmGen
Compiling module xil_defaultlib.ALUControl
Compiling module xil_defaultlib.Mux2x1
Compiling module xil_defaultlib.ALU_1Bit
Compiling module xil_defaultlib.ALU_default
Compiling module xil_defaultlib.BranchAdder
Compiling module xil_defaultlib.DataMemory
Compiling module xil_defaultlib.Seg7
Compiling module xil_defaultlib.SingleCycle
Compiling module xil_defaultlib.tb_TaskB
Compiling module xil_defaultlib.glbl
Built simulation snapshot tb_TaskB_behav
INFO: [USF-XSim-69] 'elaborate' step finished in '2' seconds
INFO: [USF-XSim-4] XSim::Simulate design
INFO: [USF-XSim-61] Executing 'SIMULATE' step in 'D:/CA_Project/SingleCycle_CA/SingleCycle_CA.sim/sim_1/behav/xsim'
INFO: [USF-XSim-98] *** Running xsim
   with args "tb_TaskB_behav -key {Behavioral:sim_1:Functional:tb_TaskB} -tclbatch {tb_TaskB.tcl} -log {simulate.log}"
INFO: [USF-XSim-8] Loading simulator feature
Vivado Simulator 2020.1
Time resolution is 1 ps
source tb_TaskB.tcl
# set curr_wave [current_wave_config]
# if { [string length $curr_wave] == 0 } {
#   if { [llength [get_objects]] > 0} {
#     add_wave /
#     set_property needs_save false [current_wave_config]
#   } else {
#      send_msg_id Add_Wave-1 WARNING "No top level signals found. Simulator will start without a wave window. If you want to open a wave window go to 'File->New Waveform Configuration' or type 'create_wave_config' in the TCL console."
#   }
# }
# run 1000ns
INFO: [USF-XSim-96] XSim completed. Design snapshot 'tb_TaskB_behav' loaded.
INFO: [USF-XSim-97] XSim simulation ran for 1000ns
launch_simulation: Time (s): cpu = 00:00:03 ; elapsed = 00:00:05 . Memory (MB): peak = 2401.016 ; gain = 0.000
run 10ms
$finish called at time : 22755 ns : File "D:/CA_Project/SingleCycle_CA/SingleCycle_CA.srcs/sim_1/new/taskB_tb.v" Line 78
close_sim
INFO: [Simtcl 6-16] Simulation closed
set_property top tb_TaskC [get_filesets sim_1]
set_property top_lib xil_defaultlib [get_filesets sim_1]
reset_run synth_1
launch_runs impl_1 -to_step write_bitstream -jobs 10
[Wed Apr 22 13:20:00 2026] Launched synth_1...
Run output will be captured here: D:/CA_Project/SingleCycle_CA/SingleCycle_CA.runs/synth_1/runme.log
[Wed Apr 22 13:20:00 2026] Launched impl_1...
Run output will be captured here: D:/CA_Project/SingleCycle_CA/SingleCycle_CA.runs/impl_1/runme.log
launch_simulation
Command: launch_simulation 
INFO: [Vivado 12-5682] Launching behavioral simulation in 'D:/CA_Project/SingleCycle_CA/SingleCycle_CA.sim/sim_1/behav/xsim'
INFO: [SIM-utils-51] Simulation object is 'sim_1'
INFO: [SIM-utils-54] Inspecting design source files for 'tb_TaskC' in fileset 'sim_1'...
INFO: [SIM-utils-43] Exported 'D:/CA_Project/SingleCycle_CA/SingleCycle_CA.sim/sim_1/behav/xsim/task a.mem'
INFO: [SIM-utils-43] Exported 'D:/CA_Project/SingleCycle_CA/SingleCycle_CA.sim/sim_1/behav/xsim/task_b.mem'
INFO: [SIM-utils-43] Exported 'D:/CA_Project/SingleCycle_CA/SingleCycle_CA.sim/sim_1/behav/xsim/taskC.mem'
INFO: [SIM-utils-43] Exported 'D:/CA_Project/SingleCycle_CA/SingleCycle_CA.sim/sim_1/behav/xsim/machine_code.txt'
INFO: [USF-XSim-97] Finding global include files...
INFO: [USF-XSim-100] Fetching design files from 'sources_1'...(this may take a while)...
INFO: [USF-XSim-101] Fetching design files from 'sim_1'...
INFO: [USF-XSim-2] XSim::Compile design
INFO: [USF-XSim-61] Executing 'COMPILE and ANALYZE' step in 'D:/CA_Project/SingleCycle_CA/SingleCycle_CA.sim/sim_1/behav/xsim'
"xvlog --incr --relax -prj tb_TaskC_vlog.prj"
INFO: [VRFC 10-2263] Analyzing Verilog file "D:/CA_Project/SingleCycle_CA/SingleCycle_CA.srcs/sources_1/new/2x1Mux.v" into library xil_defaultlib
INFO: [VRFC 10-311] analyzing module Mux2x1
INFO: [VRFC 10-2263] Analyzing Verilog file "D:/CA_Project/SingleCycle_CA/SingleCycle_CA.srcs/sources_1/new/ALU.v" into library xil_defaultlib
INFO: [VRFC 10-311] analyzing module ALU
INFO: [VRFC 10-2263] Analyzing Verilog file "D:/CA_Project/SingleCycle_CA/SingleCycle_CA.srcs/sources_1/new/ALUControl.v" into library xil_defaultlib
INFO: [VRFC 10-311] analyzing module ALUControl
INFO: [VRFC 10-2263] Analyzing Verilog file "D:/CA_Project/SingleCycle_CA/SingleCycle_CA.srcs/sources_1/new/ALU_1Bit.v" into library xil_defaultlib
INFO: [VRFC 10-311] analyzing module ALU_1Bit
INFO: [VRFC 10-2263] Analyzing Verilog file "D:/CA_Project/SingleCycle_CA/SingleCycle_CA.srcs/sources_1/new/BranchAdder.v" into library xil_defaultlib
INFO: [VRFC 10-311] analyzing module BranchAdder
INFO: [VRFC 10-2263] Analyzing Verilog file "D:/CA_Project/SingleCycle_CA/SingleCycle_CA.srcs/sources_1/new/DataMemory.v" into library xil_defaultlib
INFO: [VRFC 10-311] analyzing module DataMemory
INFO: [VRFC 10-2263] Analyzing Verilog file "D:/CA_Project/SingleCycle_CA/SingleCycle_CA.srcs/sources_1/new/ImmGen.v" into library xil_defaultlib
INFO: [VRFC 10-311] analyzing module ImmGen
INFO: [VRFC 10-2263] Analyzing Verilog file "D:/CA_Project/SingleCycle_CA/SingleCycle_CA.srcs/sources_1/new/MainControl.v" into library xil_defaultlib
INFO: [VRFC 10-311] analyzing module MainControl
INFO: [VRFC 10-2263] Analyzing Verilog file "D:/CA_Project/SingleCycle_CA/SingleCycle_CA.srcs/sources_1/new/PcAdd4.v" into library xil_defaultlib
INFO: [VRFC 10-311] analyzing module PcAdd4
INFO: [VRFC 10-2263] Analyzing Verilog file "D:/CA_Project/SingleCycle_CA/SingleCycle_CA.srcs/sources_1/new/ProgCounter.v" into library xil_defaultlib
INFO: [VRFC 10-311] analyzing module ProgCounter
INFO: [VRFC 10-2263] Analyzing Verilog file "D:/CA_Project/SingleCycle_CA/SingleCycle_CA.srcs/sources_1/new/RegisterFile.v" into library xil_defaultlib
INFO: [VRFC 10-311] analyzing module RegisterFile
INFO: [VRFC 10-2263] Analyzing Verilog file "D:/CA_Project/SingleCycle_CA/SingleCycle_CA.srcs/sources_1/new/instructionMemory.v" into library xil_defaultlib
INFO: [VRFC 10-311] analyzing module instructionMemory
INFO: [VRFC 10-2263] Analyzing Verilog file "D:/CA_Project/SingleCycle_CA/SingleCycle_CA.srcs/sources_1/new/SingleCycle.v" into library xil_defaultlib
INFO: [VRFC 10-311] analyzing module SingleCycle
INFO: [VRFC 10-2263] Analyzing Verilog file "D:/CA_Project/SingleCycle_CA/SingleCycle_CA.srcs/sources_1/new/switches.v" into library xil_defaultlib
INFO: [VRFC 10-311] analyzing module switches
INFO: [VRFC 10-2263] Analyzing Verilog file "D:/CA_Project/SingleCycle_CA/SingleCycle_CA.srcs/sources_1/new/led.v" into library xil_defaultlib
INFO: [VRFC 10-311] analyzing module leds
INFO: [VRFC 10-2263] Analyzing Verilog file "D:/CA_Project/SingleCycle_CA/SingleCycle_CA.srcs/sources_1/new/7seg.v" into library xil_defaultlib
INFO: [VRFC 10-311] analyzing module Seg7
INFO: [VRFC 10-2263] Analyzing Verilog file "D:/CA_Project/SingleCycle_CA/SingleCycle_CA.srcs/sim_1/new/SingleCycle_tb.v" into library xil_defaultlib
INFO: [VRFC 10-311] analyzing module SingleCycle_tb
INFO: [VRFC 10-2263] Analyzing Verilog file "D:/CA_Project/SingleCycle_CA/SingleCycle_CA.srcs/sim_1/new/datamem_test.v" into library xil_defaultlib
INFO: [VRFC 10-311] analyzing module DataMemory_BUG
INFO: [VRFC 10-311] analyzing module DataMemory_FIXED
INFO: [VRFC 10-311] analyzing module tb_DataMemory_compare
INFO: [VRFC 10-2263] Analyzing Verilog file "D:/CA_Project/SingleCycle_CA/SingleCycle_CA.srcs/sim_1/new/taskB_tb.v" into library xil_defaultlib
INFO: [VRFC 10-311] analyzing module tb_TaskB
INFO: [VRFC 10-2263] Analyzing Verilog file "D:/CA_Project/SingleCycle_CA/SingleCycle_CA.srcs/sim_1/new/tb_TaskC.v" into library xil_defaultlib
INFO: [VRFC 10-311] analyzing module tb_TaskC
INFO: [USF-XSim-69] 'compile' step finished in '1' seconds
INFO: [USF-XSim-3] XSim::Elaborate design
INFO: [USF-XSim-61] Executing 'ELABORATE' step in 'D:/CA_Project/SingleCycle_CA/SingleCycle_CA.sim/sim_1/behav/xsim'
"xelab -wto 8278c67cfe1343a0a18ec597b905aea1 --incr --debug typical --relax --mt 2 -L xil_defaultlib -L unisims_ver -L unimacro_ver -L secureip --snapshot tb_TaskC_behav xil_defaultlib.tb_TaskC xil_defaultlib.glbl -log elaborate.log"
Vivado Simulator 2020.1
Copyright 1986-1999, 2001-2020 Xilinx, Inc. All Rights Reserved.
Running: C:/Xilinx/Vivado/2020.1/bin/unwrapped/win64.o/xelab.exe -wto 8278c67cfe1343a0a18ec597b905aea1 --incr --debug typical --relax --mt 2 -L xil_defaultlib -L unisims_ver -L unimacro_ver -L secureip --snapshot tb_TaskC_behav xil_defaultlib.tb_TaskC xil_defaultlib.glbl -log elaborate.log 
Using 2 slave threads.
Starting static elaboration
Pass Through NonSizing Optimizer
Completed static elaboration
Starting simulation data flow analysis
Completed simulation data flow analysis
Time Resolution for simulation is 1ps
Compiling module xil_defaultlib.ProgCounter
Compiling module xil_defaultlib.PcAdd4
Compiling module xil_defaultlib.instructionMemory
Compiling module xil_defaultlib.MainControl
Compiling module xil_defaultlib.RegisterFile
Compiling module xil_defaultlib.ImmGen
Compiling module xil_defaultlib.ALUControl
Compiling module xil_defaultlib.Mux2x1
Compiling module xil_defaultlib.ALU_1Bit
Compiling module xil_defaultlib.ALU_default
Compiling module xil_defaultlib.BranchAdder
Compiling module xil_defaultlib.DataMemory
Compiling module xil_defaultlib.Seg7
Compiling module xil_defaultlib.SingleCycle
Compiling module xil_defaultlib.tb_TaskC
Compiling module xil_defaultlib.glbl
Built simulation snapshot tb_TaskC_behav
INFO: [USF-XSim-69] 'elaborate' step finished in '2' seconds
INFO: [USF-XSim-4] XSim::Simulate design
INFO: [USF-XSim-61] Executing 'SIMULATE' step in 'D:/CA_Project/SingleCycle_CA/SingleCycle_CA.sim/sim_1/behav/xsim'
INFO: [USF-XSim-98] *** Running xsim
   with args "tb_TaskC_behav -key {Behavioral:sim_1:Functional:tb_TaskC} -tclbatch {tb_TaskC.tcl} -log {simulate.log}"
INFO: [USF-XSim-8] Loading simulator feature
Vivado Simulator 2020.1
Time resolution is 1 ps
source tb_TaskC.tcl
# set curr_wave [current_wave_config]
# if { [string length $curr_wave] == 0 } {
#   if { [llength [get_objects]] > 0} {
#     add_wave /
#     set_property needs_save false [current_wave_config]
#   } else {
#      send_msg_id Add_Wave-1 WARNING "No top level signals found. Simulator will start without a wave window. If you want to open a wave window go to 'File->New Waveform Configuration' or type 'create_wave_config' in the TCL console."
#   }
# }
# run 1000ns
INFO: [USF-XSim-96] XSim completed. Design snapshot 'tb_TaskC_behav' loaded.
INFO: [USF-XSim-97] XSim simulation ran for 1000ns
launch_simulation: Time (s): cpu = 00:00:02 ; elapsed = 00:00:05 . Memory (MB): peak = 2401.016 ; gain = 0.000
run 5ms
Time: 8000000 | Switch Input (N) = 6 | LEDs Output =     5 (Expected: 5)
$finish called at time : 9 us : File "D:/CA_Project/SingleCycle_CA/SingleCycle_CA.srcs/sim_1/new/tb_TaskC.v" Line 48
close_sim
INFO: [Simtcl 6-16] Simulation closed
exit
INFO: [Common 17-206] Exiting Vivado at Wed Apr 22 13:31:46 2026...
