
*** Running vivado
    with args -log SingleCycle.vdi -applog -m64 -product Vivado -messageDb vivado.pb -mode batch -source SingleCycle.tcl -notrace



****** Vivado v2020.1 (64-bit)
  **** SW Build 2902540 on Wed May 27 19:54:49 MDT 2020
  **** IP Build 2902112 on Wed May 27 22:43:36 MDT 2020
    ** Copyright 1986-2020 Xilinx, Inc. All Rights Reserved.

source SingleCycle.tcl -notrace
Command: link_design -top SingleCycle -part xc7a35tcpg236-1
Design is defaulting to srcset: sources_1
Design is defaulting to constrset: constrs_1
INFO: [Device 21-403] Loading part xc7a35tcpg236-1
Netlist sorting complete. Time (s): cpu = 00:00:00 ; elapsed = 00:00:00.001 . Memory (MB): peak = 1028.172 ; gain = 0.000
INFO: [Netlist 29-17] Analyzing 8 Unisim elements for replacement
INFO: [Netlist 29-28] Unisim Transformation completed in 0 CPU seconds
INFO: [Project 1-479] Netlist was created with Vivado 2020.1
INFO: [Project 1-570] Preparing netlist for logic optimization
Parsing XDC File [D:/CA_Project/SingleCycle_CA/SingleCycle_CA.srcs/constrs_1/new/constraints.xdc]
WARNING: [Vivado 12-584] No ports matched 'btnC'. [D:/CA_Project/SingleCycle_CA/SingleCycle_CA.srcs/constrs_1/new/constraints.xdc:6]
CRITICAL WARNING: [Common 17-55] 'set_property' expects at least one object. [D:/CA_Project/SingleCycle_CA/SingleCycle_CA.srcs/constrs_1/new/constraints.xdc:6]
Resolution: If [get_<value>] was used to populate the object, check to make sure this command returns at least one valid object.
WARNING: [Vivado 12-584] No ports matched 'sw[0]'. [D:/CA_Project/SingleCycle_CA/SingleCycle_CA.srcs/constrs_1/new/constraints.xdc:9]
CRITICAL WARNING: [Common 17-55] 'set_property' expects at least one object. [D:/CA_Project/SingleCycle_CA/SingleCycle_CA.srcs/constrs_1/new/constraints.xdc:9]
Resolution: If [get_<value>] was used to populate the object, check to make sure this command returns at least one valid object.
WARNING: [Vivado 12-584] No ports matched 'sw[1]'. [D:/CA_Project/SingleCycle_CA/SingleCycle_CA.srcs/constrs_1/new/constraints.xdc:10]
CRITICAL WARNING: [Common 17-55] 'set_property' expects at least one object. [D:/CA_Project/SingleCycle_CA/SingleCycle_CA.srcs/constrs_1/new/constraints.xdc:10]
Resolution: If [get_<value>] was used to populate the object, check to make sure this command returns at least one valid object.
WARNING: [Vivado 12-584] No ports matched 'sw[2]'. [D:/CA_Project/SingleCycle_CA/SingleCycle_CA.srcs/constrs_1/new/constraints.xdc:11]
CRITICAL WARNING: [Common 17-55] 'set_property' expects at least one object. [D:/CA_Project/SingleCycle_CA/SingleCycle_CA.srcs/constrs_1/new/constraints.xdc:11]
Resolution: If [get_<value>] was used to populate the object, check to make sure this command returns at least one valid object.
WARNING: [Vivado 12-584] No ports matched 'sw[3]'. [D:/CA_Project/SingleCycle_CA/SingleCycle_CA.srcs/constrs_1/new/constraints.xdc:12]
CRITICAL WARNING: [Common 17-55] 'set_property' expects at least one object. [D:/CA_Project/SingleCycle_CA/SingleCycle_CA.srcs/constrs_1/new/constraints.xdc:12]
Resolution: If [get_<value>] was used to populate the object, check to make sure this command returns at least one valid object.
WARNING: [Vivado 12-584] No ports matched 'sw[4]'. [D:/CA_Project/SingleCycle_CA/SingleCycle_CA.srcs/constrs_1/new/constraints.xdc:13]
CRITICAL WARNING: [Common 17-55] 'set_property' expects at least one object. [D:/CA_Project/SingleCycle_CA/SingleCycle_CA.srcs/constrs_1/new/constraints.xdc:13]
Resolution: If [get_<value>] was used to populate the object, check to make sure this command returns at least one valid object.
WARNING: [Vivado 12-584] No ports matched 'sw[5]'. [D:/CA_Project/SingleCycle_CA/SingleCycle_CA.srcs/constrs_1/new/constraints.xdc:14]
CRITICAL WARNING: [Common 17-55] 'set_property' expects at least one object. [D:/CA_Project/SingleCycle_CA/SingleCycle_CA.srcs/constrs_1/new/constraints.xdc:14]
Resolution: If [get_<value>] was used to populate the object, check to make sure this command returns at least one valid object.
WARNING: [Vivado 12-584] No ports matched 'sw[6]'. [D:/CA_Project/SingleCycle_CA/SingleCycle_CA.srcs/constrs_1/new/constraints.xdc:15]
CRITICAL WARNING: [Common 17-55] 'set_property' expects at least one object. [D:/CA_Project/SingleCycle_CA/SingleCycle_CA.srcs/constrs_1/new/constraints.xdc:15]
Resolution: If [get_<value>] was used to populate the object, check to make sure this command returns at least one valid object.
WARNING: [Vivado 12-584] No ports matched 'sw[7]'. [D:/CA_Project/SingleCycle_CA/SingleCycle_CA.srcs/constrs_1/new/constraints.xdc:16]
CRITICAL WARNING: [Common 17-55] 'set_property' expects at least one object. [D:/CA_Project/SingleCycle_CA/SingleCycle_CA.srcs/constrs_1/new/constraints.xdc:16]
Resolution: If [get_<value>] was used to populate the object, check to make sure this command returns at least one valid object.
WARNING: [Vivado 12-584] No ports matched 'sw[8]'. [D:/CA_Project/SingleCycle_CA/SingleCycle_CA.srcs/constrs_1/new/constraints.xdc:17]
CRITICAL WARNING: [Common 17-55] 'set_property' expects at least one object. [D:/CA_Project/SingleCycle_CA/SingleCycle_CA.srcs/constrs_1/new/constraints.xdc:17]
Resolution: If [get_<value>] was used to populate the object, check to make sure this command returns at least one valid object.
WARNING: [Vivado 12-584] No ports matched 'sw[9]'. [D:/CA_Project/SingleCycle_CA/SingleCycle_CA.srcs/constrs_1/new/constraints.xdc:18]
CRITICAL WARNING: [Common 17-55] 'set_property' expects at least one object. [D:/CA_Project/SingleCycle_CA/SingleCycle_CA.srcs/constrs_1/new/constraints.xdc:18]
Resolution: If [get_<value>] was used to populate the object, check to make sure this command returns at least one valid object.
WARNING: [Vivado 12-584] No ports matched 'sw[10]'. [D:/CA_Project/SingleCycle_CA/SingleCycle_CA.srcs/constrs_1/new/constraints.xdc:19]
CRITICAL WARNING: [Common 17-55] 'set_property' expects at least one object. [D:/CA_Project/SingleCycle_CA/SingleCycle_CA.srcs/constrs_1/new/constraints.xdc:19]
Resolution: If [get_<value>] was used to populate the object, check to make sure this command returns at least one valid object.
WARNING: [Vivado 12-584] No ports matched 'sw[11]'. [D:/CA_Project/SingleCycle_CA/SingleCycle_CA.srcs/constrs_1/new/constraints.xdc:20]
CRITICAL WARNING: [Common 17-55] 'set_property' expects at least one object. [D:/CA_Project/SingleCycle_CA/SingleCycle_CA.srcs/constrs_1/new/constraints.xdc:20]
Resolution: If [get_<value>] was used to populate the object, check to make sure this command returns at least one valid object.
WARNING: [Vivado 12-584] No ports matched 'sw[12]'. [D:/CA_Project/SingleCycle_CA/SingleCycle_CA.srcs/constrs_1/new/constraints.xdc:21]
CRITICAL WARNING: [Common 17-55] 'set_property' expects at least one object. [D:/CA_Project/SingleCycle_CA/SingleCycle_CA.srcs/constrs_1/new/constraints.xdc:21]
Resolution: If [get_<value>] was used to populate the object, check to make sure this command returns at least one valid object.
WARNING: [Vivado 12-584] No ports matched 'sw[13]'. [D:/CA_Project/SingleCycle_CA/SingleCycle_CA.srcs/constrs_1/new/constraints.xdc:22]
CRITICAL WARNING: [Common 17-55] 'set_property' expects at least one object. [D:/CA_Project/SingleCycle_CA/SingleCycle_CA.srcs/constrs_1/new/constraints.xdc:22]
Resolution: If [get_<value>] was used to populate the object, check to make sure this command returns at least one valid object.
WARNING: [Vivado 12-584] No ports matched 'sw[14]'. [D:/CA_Project/SingleCycle_CA/SingleCycle_CA.srcs/constrs_1/new/constraints.xdc:23]
CRITICAL WARNING: [Common 17-55] 'set_property' expects at least one object. [D:/CA_Project/SingleCycle_CA/SingleCycle_CA.srcs/constrs_1/new/constraints.xdc:23]
Resolution: If [get_<value>] was used to populate the object, check to make sure this command returns at least one valid object.
WARNING: [Vivado 12-584] No ports matched 'sw[15]'. [D:/CA_Project/SingleCycle_CA/SingleCycle_CA.srcs/constrs_1/new/constraints.xdc:24]
CRITICAL WARNING: [Common 17-55] 'set_property' expects at least one object. [D:/CA_Project/SingleCycle_CA/SingleCycle_CA.srcs/constrs_1/new/constraints.xdc:24]
Resolution: If [get_<value>] was used to populate the object, check to make sure this command returns at least one valid object.
WARNING: [Vivado 12-584] No ports matched 'led[0]'. [D:/CA_Project/SingleCycle_CA/SingleCycle_CA.srcs/constrs_1/new/constraints.xdc:27]
CRITICAL WARNING: [Common 17-55] 'set_property' expects at least one object. [D:/CA_Project/SingleCycle_CA/SingleCycle_CA.srcs/constrs_1/new/constraints.xdc:27]
Resolution: If [get_<value>] was used to populate the object, check to make sure this command returns at least one valid object.
WARNING: [Vivado 12-584] No ports matched 'led[1]'. [D:/CA_Project/SingleCycle_CA/SingleCycle_CA.srcs/constrs_1/new/constraints.xdc:28]
CRITICAL WARNING: [Common 17-55] 'set_property' expects at least one object. [D:/CA_Project/SingleCycle_CA/SingleCycle_CA.srcs/constrs_1/new/constraints.xdc:28]
Resolution: If [get_<value>] was used to populate the object, check to make sure this command returns at least one valid object.
WARNING: [Vivado 12-584] No ports matched 'led[2]'. [D:/CA_Project/SingleCycle_CA/SingleCycle_CA.srcs/constrs_1/new/constraints.xdc:29]
CRITICAL WARNING: [Common 17-55] 'set_property' expects at least one object. [D:/CA_Project/SingleCycle_CA/SingleCycle_CA.srcs/constrs_1/new/constraints.xdc:29]
Resolution: If [get_<value>] was used to populate the object, check to make sure this command returns at least one valid object.
WARNING: [Vivado 12-584] No ports matched 'led[3]'. [D:/CA_Project/SingleCycle_CA/SingleCycle_CA.srcs/constrs_1/new/constraints.xdc:30]
CRITICAL WARNING: [Common 17-55] 'set_property' expects at least one object. [D:/CA_Project/SingleCycle_CA/SingleCycle_CA.srcs/constrs_1/new/constraints.xdc:30]
Resolution: If [get_<value>] was used to populate the object, check to make sure this command returns at least one valid object.
WARNING: [Vivado 12-584] No ports matched 'led[4]'. [D:/CA_Project/SingleCycle_CA/SingleCycle_CA.srcs/constrs_1/new/constraints.xdc:31]
CRITICAL WARNING: [Common 17-55] 'set_property' expects at least one object. [D:/CA_Project/SingleCycle_CA/SingleCycle_CA.srcs/constrs_1/new/constraints.xdc:31]
Resolution: If [get_<value>] was used to populate the object, check to make sure this command returns at least one valid object.
WARNING: [Vivado 12-584] No ports matched 'led[5]'. [D:/CA_Project/SingleCycle_CA/SingleCycle_CA.srcs/constrs_1/new/constraints.xdc:32]
CRITICAL WARNING: [Common 17-55] 'set_property' expects at least one object. [D:/CA_Project/SingleCycle_CA/SingleCycle_CA.srcs/constrs_1/new/constraints.xdc:32]
Resolution: If [get_<value>] was used to populate the object, check to make sure this command returns at least one valid object.
WARNING: [Vivado 12-584] No ports matched 'led[6]'. [D:/CA_Project/SingleCycle_CA/SingleCycle_CA.srcs/constrs_1/new/constraints.xdc:33]
CRITICAL WARNING: [Common 17-55] 'set_property' expects at least one object. [D:/CA_Project/SingleCycle_CA/SingleCycle_CA.srcs/constrs_1/new/constraints.xdc:33]
Resolution: If [get_<value>] was used to populate the object, check to make sure this command returns at least one valid object.
WARNING: [Vivado 12-584] No ports matched 'led[7]'. [D:/CA_Project/SingleCycle_CA/SingleCycle_CA.srcs/constrs_1/new/constraints.xdc:34]
CRITICAL WARNING: [Common 17-55] 'set_property' expects at least one object. [D:/CA_Project/SingleCycle_CA/SingleCycle_CA.srcs/constrs_1/new/constraints.xdc:34]
Resolution: If [get_<value>] was used to populate the object, check to make sure this command returns at least one valid object.
WARNING: [Vivado 12-584] No ports matched 'led[8]'. [D:/CA_Project/SingleCycle_CA/SingleCycle_CA.srcs/constrs_1/new/constraints.xdc:35]
CRITICAL WARNING: [Common 17-55] 'set_property' expects at least one object. [D:/CA_Project/SingleCycle_CA/SingleCycle_CA.srcs/constrs_1/new/constraints.xdc:35]
Resolution: If [get_<value>] was used to populate the object, check to make sure this command returns at least one valid object.
WARNING: [Vivado 12-584] No ports matched 'led[9]'. [D:/CA_Project/SingleCycle_CA/SingleCycle_CA.srcs/constrs_1/new/constraints.xdc:36]
CRITICAL WARNING: [Common 17-55] 'set_property' expects at least one object. [D:/CA_Project/SingleCycle_CA/SingleCycle_CA.srcs/constrs_1/new/constraints.xdc:36]
Resolution: If [get_<value>] was used to populate the object, check to make sure this command returns at least one valid object.
WARNING: [Vivado 12-584] No ports matched 'led[10]'. [D:/CA_Project/SingleCycle_CA/SingleCycle_CA.srcs/constrs_1/new/constraints.xdc:37]
CRITICAL WARNING: [Common 17-55] 'set_property' expects at least one object. [D:/CA_Project/SingleCycle_CA/SingleCycle_CA.srcs/constrs_1/new/constraints.xdc:37]
Resolution: If [get_<value>] was used to populate the object, check to make sure this command returns at least one valid object.
WARNING: [Vivado 12-584] No ports matched 'led[11]'. [D:/CA_Project/SingleCycle_CA/SingleCycle_CA.srcs/constrs_1/new/constraints.xdc:38]
CRITICAL WARNING: [Common 17-55] 'set_property' expects at least one object. [D:/CA_Project/SingleCycle_CA/SingleCycle_CA.srcs/constrs_1/new/constraints.xdc:38]
Resolution: If [get_<value>] was used to populate the object, check to make sure this command returns at least one valid object.
WARNING: [Vivado 12-584] No ports matched 'led[12]'. [D:/CA_Project/SingleCycle_CA/SingleCycle_CA.srcs/constrs_1/new/constraints.xdc:39]
CRITICAL WARNING: [Common 17-55] 'set_property' expects at least one object. [D:/CA_Project/SingleCycle_CA/SingleCycle_CA.srcs/constrs_1/new/constraints.xdc:39]
Resolution: If [get_<value>] was used to populate the object, check to make sure this command returns at least one valid object.
WARNING: [Vivado 12-584] No ports matched 'led[13]'. [D:/CA_Project/SingleCycle_CA/SingleCycle_CA.srcs/constrs_1/new/constraints.xdc:40]
CRITICAL WARNING: [Common 17-55] 'set_property' expects at least one object. [D:/CA_Project/SingleCycle_CA/SingleCycle_CA.srcs/constrs_1/new/constraints.xdc:40]
Resolution: If [get_<value>] was used to populate the object, check to make sure this command returns at least one valid object.
WARNING: [Vivado 12-584] No ports matched 'led[14]'. [D:/CA_Project/SingleCycle_CA/SingleCycle_CA.srcs/constrs_1/new/constraints.xdc:41]
CRITICAL WARNING: [Common 17-55] 'set_property' expects at least one object. [D:/CA_Project/SingleCycle_CA/SingleCycle_CA.srcs/constrs_1/new/constraints.xdc:41]
Resolution: If [get_<value>] was used to populate the object, check to make sure this command returns at least one valid object.
WARNING: [Vivado 12-584] No ports matched 'led[15]'. [D:/CA_Project/SingleCycle_CA/SingleCycle_CA.srcs/constrs_1/new/constraints.xdc:42]
CRITICAL WARNING: [Common 17-55] 'set_property' expects at least one object. [D:/CA_Project/SingleCycle_CA/SingleCycle_CA.srcs/constrs_1/new/constraints.xdc:42]
Resolution: If [get_<value>] was used to populate the object, check to make sure this command returns at least one valid object.
Finished Parsing XDC File [D:/CA_Project/SingleCycle_CA/SingleCycle_CA.srcs/constrs_1/new/constraints.xdc]
INFO: [Opt 31-138] Pushed 0 inverter(s) to 0 load pin(s).
Netlist sorting complete. Time (s): cpu = 00:00:00 ; elapsed = 00:00:00 . Memory (MB): peak = 1028.172 ; gain = 0.000
INFO: [Project 1-111] Unisim Transformation Summary:
No Unisim elements were transformed.

7 Infos, 33 Warnings, 33 Critical Warnings and 0 Errors encountered.
link_design completed successfully
link_design: Time (s): cpu = 00:00:04 ; elapsed = 00:00:05 . Memory (MB): peak = 1028.172 ; gain = 0.000
Command: opt_design
Attempting to get a license for feature 'Implementation' and/or device 'xc7a35t'
INFO: [Common 17-349] Got license for feature 'Implementation' and/or device 'xc7a35t'
Running DRC as a precondition to command opt_design

Starting DRC Task
INFO: [DRC 23-27] Running DRC with 2 threads
INFO: [Project 1-461] DRC finished with 0 Errors
INFO: [Project 1-462] Please refer to the DRC report (report_drc) for more information.

Time (s): cpu = 00:00:01 ; elapsed = 00:00:00.542 . Memory (MB): peak = 1028.172 ; gain = 0.000

Starting Cache Timing Information Task
INFO: [Timing 38-35] Done setting XDC timing constraints.
Ending Cache Timing Information Task | Checksum: 12c3e97b8

Time (s): cpu = 00:00:05 ; elapsed = 00:00:06 . Memory (MB): peak = 1285.555 ; gain = 257.383

Starting Logic Optimization Task

Phase 1 Retarget
INFO: [Opt 31-138] Pushed 0 inverter(s) to 0 load pin(s).
INFO: [Opt 31-49] Retargeted 0 cell(s).
Phase 1 Retarget | Checksum: 12c3e97b8

Time (s): cpu = 00:00:00 ; elapsed = 00:00:00.007 . Memory (MB): peak = 1489.887 ; gain = 0.000
INFO: [Opt 31-389] Phase Retarget created 0 cells and removed 0 cells

Phase 2 Constant propagation
INFO: [Opt 31-138] Pushed 0 inverter(s) to 0 load pin(s).
Phase 2 Constant propagation | Checksum: d7a1a3e8

Time (s): cpu = 00:00:00 ; elapsed = 00:00:00.008 . Memory (MB): peak = 1489.887 ; gain = 0.000
INFO: [Opt 31-389] Phase Constant propagation created 0 cells and removed 0 cells

Phase 3 Sweep
Phase 3 Sweep | Checksum: 172947a8d

Time (s): cpu = 00:00:00 ; elapsed = 00:00:00.011 . Memory (MB): peak = 1489.887 ; gain = 0.000
INFO: [Opt 31-389] Phase Sweep created 0 cells and removed 0 cells

Phase 4 BUFG optimization
Phase 4 BUFG optimization | Checksum: 172947a8d

Time (s): cpu = 00:00:00 ; elapsed = 00:00:00.013 . Memory (MB): peak = 1489.887 ; gain = 0.000
INFO: [Opt 31-662] Phase BUFG optimization created 0 cells of which 0 are BUFGs and removed 0 cells.

Phase 5 Shift Register Optimization
INFO: [Opt 31-1064] SRL Remap converted 0 SRLs to 0 registers and converted 0 registers of register chains to 0 SRLs
Phase 5 Shift Register Optimization | Checksum: 172947a8d

Time (s): cpu = 00:00:00 ; elapsed = 00:00:00.014 . Memory (MB): peak = 1489.887 ; gain = 0.000
INFO: [Opt 31-389] Phase Shift Register Optimization created 0 cells and removed 0 cells

Phase 6 Post Processing Netlist
Phase 6 Post Processing Netlist | Checksum: 172947a8d

Time (s): cpu = 00:00:00 ; elapsed = 00:00:00.014 . Memory (MB): peak = 1489.887 ; gain = 0.000
INFO: [Opt 31-389] Phase Post Processing Netlist created 0 cells and removed 0 cells
Opt_design Change Summary
=========================


-------------------------------------------------------------------------------------------------------------------------
|  Phase                        |  #Cells created  |  #Cells Removed  |  #Constrained objects preventing optimizations  |
-------------------------------------------------------------------------------------------------------------------------
|  Retarget                     |               0  |               0  |                                              0  |
|  Constant propagation         |               0  |               0  |                                              0  |
|  Sweep                        |               0  |               0  |                                              0  |
|  BUFG optimization            |               0  |               0  |                                              0  |
|  Shift Register Optimization  |               0  |               0  |                                              0  |
|  Post Processing Netlist      |               0  |               0  |                                              0  |
-------------------------------------------------------------------------------------------------------------------------



Starting Connectivity Check Task

Time (s): cpu = 00:00:00 ; elapsed = 00:00:00 . Memory (MB): peak = 1489.887 ; gain = 0.000
Ending Logic Optimization Task | Checksum: 1b4522ca3

Time (s): cpu = 00:00:00 ; elapsed = 00:00:00.018 . Memory (MB): peak = 1489.887 ; gain = 0.000

Starting Power Optimization Task
INFO: [Pwropt 34-132] Skipping clock gating for clocks with a period < 2.00 ns.
Ending Power Optimization Task | Checksum: 1b4522ca3

Time (s): cpu = 00:00:00 ; elapsed = 00:00:00.005 . Memory (MB): peak = 1489.887 ; gain = 0.000

Starting Final Cleanup Task
Ending Final Cleanup Task | Checksum: 1b4522ca3

Time (s): cpu = 00:00:00 ; elapsed = 00:00:00 . Memory (MB): peak = 1489.887 ; gain = 0.000

Starting Netlist Obfuscation Task
Netlist sorting complete. Time (s): cpu = 00:00:00 ; elapsed = 00:00:00 . Memory (MB): peak = 1489.887 ; gain = 0.000
Ending Netlist Obfuscation Task | Checksum: 1b4522ca3

Time (s): cpu = 00:00:00 ; elapsed = 00:00:00 . Memory (MB): peak = 1489.887 ; gain = 0.000
INFO: [Common 17-83] Releasing license: Implementation
24 Infos, 33 Warnings, 33 Critical Warnings and 0 Errors encountered.
opt_design completed successfully
opt_design: Time (s): cpu = 00:00:07 ; elapsed = 00:00:07 . Memory (MB): peak = 1489.887 ; gain = 461.715
INFO: [Timing 38-480] Writing timing data to binary archive.
Writing placer database...
Writing XDEF routing.
Writing XDEF routing logical nets.
Writing XDEF routing special nets.
Write XDEF Complete: Time (s): cpu = 00:00:00 ; elapsed = 00:00:00.018 . Memory (MB): peak = 1489.887 ; gain = 0.000
INFO: [Common 17-1381] The checkpoint 'D:/CA_Project/SingleCycle_CA/SingleCycle_CA.runs/impl_1/SingleCycle_opt.dcp' has been generated.
INFO: [runtcl-4] Executing : report_drc -file SingleCycle_drc_opted.rpt -pb SingleCycle_drc_opted.pb -rpx SingleCycle_drc_opted.rpx
Command: report_drc -file SingleCycle_drc_opted.rpt -pb SingleCycle_drc_opted.pb -rpx SingleCycle_drc_opted.rpx
INFO: [IP_Flow 19-234] Refreshing IP repositories
INFO: [IP_Flow 19-1704] No user IP repositories specified
INFO: [IP_Flow 19-2313] Loaded Vivado IP repository 'C:/Xilinx/Vivado/2020.1/data/ip'.
INFO: [DRC 23-27] Running DRC with 2 threads
INFO: [Coretcl 2-168] The results of DRC are in file D:/CA_Project/SingleCycle_CA/SingleCycle_CA.runs/impl_1/SingleCycle_drc_opted.rpt.
report_drc completed successfully
Command: place_design
Attempting to get a license for feature 'Implementation' and/or device 'xc7a35t'
INFO: [Common 17-349] Got license for feature 'Implementation' and/or device 'xc7a35t'
INFO: [DRC 23-27] Running DRC with 2 threads
INFO: [Vivado_Tcl 4-198] DRC finished with 0 Errors
INFO: [Vivado_Tcl 4-199] Please refer to the DRC report (report_drc) for more information.
Running DRC as a precondition to command place_design
INFO: [DRC 23-27] Running DRC with 2 threads
INFO: [Vivado_Tcl 4-198] DRC finished with 0 Errors
INFO: [Vivado_Tcl 4-199] Please refer to the DRC report (report_drc) for more information.

Starting Placer Task
INFO: [Place 30-611] Multithreading enabled for place_design using a maximum of 2 CPUs

Phase 1 Placer Initialization

Phase 1.1 Placer Initialization Netlist Sorting
Netlist sorting complete. Time (s): cpu = 00:00:00 ; elapsed = 00:00:00 . Memory (MB): peak = 1489.887 ; gain = 0.000
Phase 1.1 Placer Initialization Netlist Sorting | Checksum: d8060379

Time (s): cpu = 00:00:00 ; elapsed = 00:00:00.003 . Memory (MB): peak = 1489.887 ; gain = 0.000
Netlist sorting complete. Time (s): cpu = 00:00:00 ; elapsed = 00:00:00 . Memory (MB): peak = 1489.887 ; gain = 0.000

Phase 1.2 IO Placement/ Clock Placement/ Build Placer Device
INFO: [Timing 38-35] Done setting XDC timing constraints.
Phase 1.2 IO Placement/ Clock Placement/ Build Placer Device | Checksum: 85036002

Time (s): cpu = 00:00:01 ; elapsed = 00:00:00.388 . Memory (MB): peak = 1489.887 ; gain = 0.000

Phase 1.3 Build Placer Netlist Model
Phase 1.3 Build Placer Netlist Model | Checksum: d1a8532a

Time (s): cpu = 00:00:01 ; elapsed = 00:00:00.426 . Memory (MB): peak = 1489.887 ; gain = 0.000

Phase 1.4 Constrain Clocks/Macros
Phase 1.4 Constrain Clocks/Macros | Checksum: d1a8532a

Time (s): cpu = 00:00:01 ; elapsed = 00:00:00.427 . Memory (MB): peak = 1489.887 ; gain = 0.000
Phase 1 Placer Initialization | Checksum: d1a8532a

Time (s): cpu = 00:00:01 ; elapsed = 00:00:00.429 . Memory (MB): peak = 1489.887 ; gain = 0.000

Phase 2 Global Placement

Phase 2.1 Floorplanning
Phase 2.1 Floorplanning | Checksum: 10cc5a156

Time (s): cpu = 00:00:01 ; elapsed = 00:00:00.466 . Memory (MB): peak = 1489.887 ; gain = 0.000

Phase 2.2 Global Placement Core

Phase 2.2.1 Physical Synthesis In Placer
INFO: [Physopt 32-1044] Break lutnm for timing: one critical 0, two critical 0, total 0, new lutff created 0
INFO: [Physopt 32-775] End 1 Pass. Optimized 0 net or cell. Created 0 new cell, deleted 0 existing cell and moved 0 existing cell
INFO: [Physopt 32-65] No nets found for high-fanout optimization.
INFO: [Physopt 32-232] Optimized 0 net. Created 0 new instance.
INFO: [Physopt 32-775] End 1 Pass. Optimized 0 net or cell. Created 0 new cell, deleted 0 existing cell and moved 0 existing cell
INFO: [Physopt 32-670] No setup violation found.  DSP Register Optimization was not performed.
INFO: [Physopt 32-670] No setup violation found.  Shift Register to Pipeline Optimization was not performed.
INFO: [Physopt 32-670] No setup violation found.  Shift Register Optimization was not performed.
INFO: [Physopt 32-670] No setup violation found.  BRAM Register Optimization was not performed.
INFO: [Physopt 32-670] No setup violation found.  URAM Register Optimization was not performed.
INFO: [Physopt 32-949] No candidate nets found for HD net replication
INFO: [Physopt 32-775] End 1 Pass. Optimized 0 net or cell. Created 0 new cell, deleted 0 existing cell and moved 0 existing cell
Netlist sorting complete. Time (s): cpu = 00:00:00 ; elapsed = 00:00:00 . Memory (MB): peak = 1489.887 ; gain = 0.000

Summary of Physical Synthesis Optimizations
============================================


-----------------------------------------------------------------------------------------------------------------------------------------------------------
|  Optimization                                     |  Added Cells  |  Removed Cells  |  Optimized Cells/Nets  |  Dont Touch  |  Iterations  |  Elapsed   |
-----------------------------------------------------------------------------------------------------------------------------------------------------------
|  LUT Combining                                    |            0  |              0  |                     0  |           0  |           1  |  00:00:00  |
|  Very High Fanout                                 |            0  |              0  |                     0  |           0  |           1  |  00:00:00  |
|  DSP Register                                     |            0  |              0  |                     0  |           0  |           0  |  00:00:00  |
|  Shift Register to Pipeline                       |            0  |              0  |                     0  |           0  |           0  |  00:00:00  |
|  Shift Register                                   |            0  |              0  |                     0  |           0  |           0  |  00:00:00  |
|  BRAM Register                                    |            0  |              0  |                     0  |           0  |           0  |  00:00:00  |
|  URAM Register                                    |            0  |              0  |                     0  |           0  |           0  |  00:00:00  |
|  Dynamic/Static Region Interface Net Replication  |            0  |              0  |                     0  |           0  |           1  |  00:00:00  |
|  Total                                            |            0  |              0  |                     0  |           0  |           3  |  00:00:00  |
-----------------------------------------------------------------------------------------------------------------------------------------------------------


Phase 2.2.1 Physical Synthesis In Placer | Checksum: 11539ddc5

Time (s): cpu = 00:00:01 ; elapsed = 00:00:00.746 . Memory (MB): peak = 1489.887 ; gain = 0.000
Phase 2.2 Global Placement Core | Checksum: 150a21b81

Time (s): cpu = 00:00:01 ; elapsed = 00:00:00.763 . Memory (MB): peak = 1489.887 ; gain = 0.000
Phase 2 Global Placement | Checksum: 150a21b81

Time (s): cpu = 00:00:01 ; elapsed = 00:00:00.764 . Memory (MB): peak = 1489.887 ; gain = 0.000

Phase 3 Detail Placement

Phase 3.1 Commit Multi Column Macros
Phase 3.1 Commit Multi Column Macros | Checksum: a3cbcb8e

Time (s): cpu = 00:00:01 ; elapsed = 00:00:00.785 . Memory (MB): peak = 1489.887 ; gain = 0.000

Phase 3.2 Commit Most Macros & LUTRAMs
Phase 3.2 Commit Most Macros & LUTRAMs | Checksum: 1921884da

Time (s): cpu = 00:00:01 ; elapsed = 00:00:00.803 . Memory (MB): peak = 1489.887 ; gain = 0.000

Phase 3.3 Area Swap Optimization
Phase 3.3 Area Swap Optimization | Checksum: 1921884da

Time (s): cpu = 00:00:01 ; elapsed = 00:00:00.805 . Memory (MB): peak = 1489.887 ; gain = 0.000

Phase 3.4 Pipeline Register Optimization
Phase 3.4 Pipeline Register Optimization | Checksum: 1921884da

Time (s): cpu = 00:00:01 ; elapsed = 00:00:00.806 . Memory (MB): peak = 1489.887 ; gain = 0.000

Phase 3.5 Small Shape Detail Placement
Phase 3.5 Small Shape Detail Placement | Checksum: eaf2e699

Time (s): cpu = 00:00:01 ; elapsed = 00:00:00.829 . Memory (MB): peak = 1489.887 ; gain = 0.000

Phase 3.6 Re-assign LUT pins
Phase 3.6 Re-assign LUT pins | Checksum: eaf2e699

Time (s): cpu = 00:00:01 ; elapsed = 00:00:00.830 . Memory (MB): peak = 1489.887 ; gain = 0.000

Phase 3.7 Pipeline Register Optimization
Phase 3.7 Pipeline Register Optimization | Checksum: eaf2e699

Time (s): cpu = 00:00:01 ; elapsed = 00:00:00.830 . Memory (MB): peak = 1489.887 ; gain = 0.000
Phase 3 Detail Placement | Checksum: eaf2e699

Time (s): cpu = 00:00:01 ; elapsed = 00:00:00.831 . Memory (MB): peak = 1489.887 ; gain = 0.000

Phase 4 Post Placement Optimization and Clean-Up

Phase 4.1 Post Commit Optimization
INFO: [Timing 38-35] Done setting XDC timing constraints.

Phase 4.1.1 Post Placement Optimization
Post Placement Optimization Initialization | Checksum: 148158133

Phase 4.1.1.1 BUFG Insertion

Starting Physical Synthesis Task

Phase 1 Physical Synthesis Initialization
INFO: [Physopt 32-721] Multithreading enabled for phys_opt_design using a maximum of 2 CPUs
INFO: [Physopt 32-619] Estimated Timing Summary | WNS=7.373 | TNS=0.000 |
Phase 1 Physical Synthesis Initialization | Checksum: 1aa59a8f4

Time (s): cpu = 00:00:00 ; elapsed = 00:00:00.005 . Memory (MB): peak = 1506.824 ; gain = 0.000
INFO: [Place 46-56] BUFG insertion identified 0 candidate nets. Inserted BUFG: 0, Replicated BUFG Driver: 0, Skipped due to Placement/Routing Conflicts: 0, Skipped due to Timing Degradation: 0, Skipped due to Illegal Netlist: 0.
Ending Physical Synthesis Task | Checksum: 1a8da72cf

Time (s): cpu = 00:00:00 ; elapsed = 00:00:00.005 . Memory (MB): peak = 1506.824 ; gain = 0.000
Phase 4.1.1.1 BUFG Insertion | Checksum: 148158133

Time (s): cpu = 00:00:01 ; elapsed = 00:00:00.858 . Memory (MB): peak = 1506.824 ; gain = 16.938
INFO: [Place 30-746] Post Placement Timing Summary WNS=7.373. For the most accurate timing information please run report_timing.
Phase 4.1.1 Post Placement Optimization | Checksum: 188326f12

Time (s): cpu = 00:00:01 ; elapsed = 00:00:00.859 . Memory (MB): peak = 1506.824 ; gain = 16.938
Phase 4.1 Post Commit Optimization | Checksum: 188326f12

Time (s): cpu = 00:00:01 ; elapsed = 00:00:00.860 . Memory (MB): peak = 1506.824 ; gain = 16.938

Phase 4.2 Post Placement Cleanup
Phase 4.2 Post Placement Cleanup | Checksum: 188326f12

Time (s): cpu = 00:00:01 ; elapsed = 00:00:00.861 . Memory (MB): peak = 1506.824 ; gain = 16.938

Phase 4.3 Placer Reporting
Phase 4.3 Placer Reporting | Checksum: 188326f12

Time (s): cpu = 00:00:01 ; elapsed = 00:00:00.862 . Memory (MB): peak = 1506.824 ; gain = 16.938

Phase 4.4 Final Placement Cleanup
Netlist sorting complete. Time (s): cpu = 00:00:00 ; elapsed = 00:00:00 . Memory (MB): peak = 1506.824 ; gain = 0.000
Phase 4.4 Final Placement Cleanup | Checksum: 188326f12

Time (s): cpu = 00:00:01 ; elapsed = 00:00:00.864 . Memory (MB): peak = 1506.824 ; gain = 16.938
Phase 4 Post Placement Optimization and Clean-Up | Checksum: 188326f12

Time (s): cpu = 00:00:01 ; elapsed = 00:00:00.865 . Memory (MB): peak = 1506.824 ; gain = 16.938
Ending Placer Task | Checksum: cc8e49a5

Time (s): cpu = 00:00:01 ; elapsed = 00:00:00.865 . Memory (MB): peak = 1506.824 ; gain = 16.938
INFO: [Common 17-83] Releasing license: Implementation
59 Infos, 33 Warnings, 33 Critical Warnings and 0 Errors encountered.
place_design completed successfully
INFO: [Timing 38-480] Writing timing data to binary archive.
Writing placer database...
Writing XDEF routing.
Writing XDEF routing logical nets.
Writing XDEF routing special nets.
Write XDEF Complete: Time (s): cpu = 00:00:01 ; elapsed = 00:00:00.020 . Memory (MB): peak = 1506.898 ; gain = 0.074
INFO: [Common 17-1381] The checkpoint 'D:/CA_Project/SingleCycle_CA/SingleCycle_CA.runs/impl_1/SingleCycle_placed.dcp' has been generated.
INFO: [runtcl-4] Executing : report_io -file SingleCycle_io_placed.rpt
report_io: Time (s): cpu = 00:00:00 ; elapsed = 00:00:00.033 . Memory (MB): peak = 1506.898 ; gain = 0.000
INFO: [runtcl-4] Executing : report_utilization -file SingleCycle_utilization_placed.rpt -pb SingleCycle_utilization_placed.pb
INFO: [runtcl-4] Executing : report_control_sets -verbose -file SingleCycle_control_sets_placed.rpt
report_control_sets: Time (s): cpu = 00:00:00 ; elapsed = 00:00:00 . Memory (MB): peak = 1506.898 ; gain = 0.000
Command: phys_opt_design
Attempting to get a license for feature 'Implementation' and/or device 'xc7a35t'
INFO: [Common 17-349] Got license for feature 'Implementation' and/or device 'xc7a35t'
INFO: [Vivado_Tcl 4-383] Design worst setup slack (WNS) is greater than or equal to 0.000 ns. Skipping all physical synthesis optimizations.
INFO: [Vivado_Tcl 4-232] No setup violation found. The netlist was not modified.
INFO: [Common 17-83] Releasing license: Implementation
68 Infos, 33 Warnings, 33 Critical Warnings and 0 Errors encountered.
phys_opt_design completed successfully
INFO: [Timing 38-480] Writing timing data to binary archive.
Writing placer database...
Writing XDEF routing.
Writing XDEF routing logical nets.
Writing XDEF routing special nets.
Write XDEF Complete: Time (s): cpu = 00:00:00 ; elapsed = 00:00:00.021 . Memory (MB): peak = 1529.145 ; gain = 17.883
INFO: [Common 17-1381] The checkpoint 'D:/CA_Project/SingleCycle_CA/SingleCycle_CA.runs/impl_1/SingleCycle_physopt.dcp' has been generated.
Command: route_design
Attempting to get a license for feature 'Implementation' and/or device 'xc7a35t'
INFO: [Common 17-349] Got license for feature 'Implementation' and/or device 'xc7a35t'
Running DRC as a precondition to command route_design
INFO: [DRC 23-27] Running DRC with 2 threads
INFO: [Vivado_Tcl 4-198] DRC finished with 0 Errors
INFO: [Vivado_Tcl 4-199] Please refer to the DRC report (report_drc) for more information.


Starting Routing Task
INFO: [Route 35-254] Multithreading enabled for route_design using a maximum of 2 CPUs
Checksum: PlaceDB: 7a080169 ConstDB: 0 ShapeSum: 5286483c RouteDB: 0

Phase 1 Build RT Design
Phase 1 Build RT Design | Checksum: 10aa24e47

Time (s): cpu = 00:00:10 ; elapsed = 00:00:09 . Memory (MB): peak = 1617.516 ; gain = 75.352
Post Restoration Checksum: NetGraph: c64c011a NumContArr: 44564d2d Constraints: 0 Timing: 0

Phase 2 Router Initialization

Phase 2.1 Create Timer
Phase 2.1 Create Timer | Checksum: 10aa24e47

Time (s): cpu = 00:00:10 ; elapsed = 00:00:09 . Memory (MB): peak = 1617.531 ; gain = 75.367

Phase 2.2 Fix Topology Constraints
Phase 2.2 Fix Topology Constraints | Checksum: 10aa24e47

Time (s): cpu = 00:00:10 ; elapsed = 00:00:09 . Memory (MB): peak = 1623.551 ; gain = 81.387

Phase 2.3 Pre Route Cleanup
Phase 2.3 Pre Route Cleanup | Checksum: 10aa24e47

Time (s): cpu = 00:00:10 ; elapsed = 00:00:09 . Memory (MB): peak = 1623.551 ; gain = 81.387
 Number of Nodes with overlaps = 0

Phase 2.4 Update Timing
Phase 2.4 Update Timing | Checksum: 1ec07dd4a

Time (s): cpu = 00:00:10 ; elapsed = 00:00:10 . Memory (MB): peak = 1626.820 ; gain = 84.656
INFO: [Route 35-416] Intermediate Timing Summary | WNS=7.290  | TNS=0.000  | WHS=-0.016 | THS=-0.016 |

Phase 2 Router Initialization | Checksum: 261850111

Time (s): cpu = 00:00:10 ; elapsed = 00:00:10 . Memory (MB): peak = 1626.820 ; gain = 84.656

Router Utilization Summary
  Global Vertical Routing Utilization    = 0 %
  Global Horizontal Routing Utilization  = 0 %
  Routable Net Status*
  *Does not include unroutable nets such as driverless and loadless.
  Run report_route_status for detailed report.
  Number of Failed Nets               = 39
    (Failed Nets is the sum of unrouted and partially routed nets)
  Number of Unrouted Nets             = 39
  Number of Partially Routed Nets     = 0
  Number of Node Overlaps             = 0


Phase 3 Initial Routing
 Number of Nodes with overlaps = 0
Phase 3 Initial Routing | Checksum: 154d483e3

Time (s): cpu = 00:00:11 ; elapsed = 00:00:10 . Memory (MB): peak = 1628.664 ; gain = 86.500

Phase 4 Rip-up And Reroute

Phase 4.1 Global Iteration 0
INFO: [Route 35-416] Intermediate Timing Summary | WNS=7.082  | TNS=0.000  | WHS=N/A    | THS=N/A    |

Phase 4.1 Global Iteration 0 | Checksum: 21dc7b4ee

Time (s): cpu = 00:00:11 ; elapsed = 00:00:10 . Memory (MB): peak = 1628.664 ; gain = 86.500
Phase 4 Rip-up And Reroute | Checksum: 21dc7b4ee

Time (s): cpu = 00:00:11 ; elapsed = 00:00:10 . Memory (MB): peak = 1628.664 ; gain = 86.500

Phase 5 Delay and Skew Optimization

Phase 5.1 Delay CleanUp
Phase 5.1 Delay CleanUp | Checksum: 21dc7b4ee

Time (s): cpu = 00:00:11 ; elapsed = 00:00:10 . Memory (MB): peak = 1628.664 ; gain = 86.500

Phase 5.2 Clock Skew Optimization
Phase 5.2 Clock Skew Optimization | Checksum: 21dc7b4ee

Time (s): cpu = 00:00:11 ; elapsed = 00:00:10 . Memory (MB): peak = 1628.664 ; gain = 86.500
Phase 5 Delay and Skew Optimization | Checksum: 21dc7b4ee

Time (s): cpu = 00:00:11 ; elapsed = 00:00:10 . Memory (MB): peak = 1628.664 ; gain = 86.500

Phase 6 Post Hold Fix

Phase 6.1 Hold Fix Iter

Phase 6.1.1 Update Timing
Phase 6.1.1 Update Timing | Checksum: 20ec43aab

Time (s): cpu = 00:00:11 ; elapsed = 00:00:10 . Memory (MB): peak = 1628.664 ; gain = 86.500
INFO: [Route 35-416] Intermediate Timing Summary | WNS=7.175  | TNS=0.000  | WHS=0.251  | THS=0.000  |

Phase 6.1 Hold Fix Iter | Checksum: 20ec43aab

Time (s): cpu = 00:00:11 ; elapsed = 00:00:10 . Memory (MB): peak = 1628.664 ; gain = 86.500
Phase 6 Post Hold Fix | Checksum: 20ec43aab

Time (s): cpu = 00:00:11 ; elapsed = 00:00:10 . Memory (MB): peak = 1628.664 ; gain = 86.500

Phase 7 Route finalize

Router Utilization Summary
  Global Vertical Routing Utilization    = 0.0204098 %
  Global Horizontal Routing Utilization  = 0.0147059 %
  Routable Net Status*
  *Does not include unroutable nets such as driverless and loadless.
  Run report_route_status for detailed report.
  Number of Failed Nets               = 0
    (Failed Nets is the sum of unrouted and partially routed nets)
  Number of Unrouted Nets             = 0
  Number of Partially Routed Nets     = 0
  Number of Node Overlaps             = 0

Phase 7 Route finalize | Checksum: 20ec43aab

Time (s): cpu = 00:00:11 ; elapsed = 00:00:10 . Memory (MB): peak = 1628.664 ; gain = 86.500

Phase 8 Verifying routed nets

 Verification completed successfully
Phase 8 Verifying routed nets | Checksum: 20ec43aab

Time (s): cpu = 00:00:11 ; elapsed = 00:00:10 . Memory (MB): peak = 1630.676 ; gain = 88.512

Phase 9 Depositing Routes
Phase 9 Depositing Routes | Checksum: 266ef56d9

Time (s): cpu = 00:00:11 ; elapsed = 00:00:10 . Memory (MB): peak = 1630.676 ; gain = 88.512

Phase 10 Post Router Timing
INFO: [Route 35-57] Estimated Timing Summary | WNS=7.175  | TNS=0.000  | WHS=0.251  | THS=0.000  |

INFO: [Route 35-327] The final timing numbers are based on the router estimated timing analysis. For a complete and accurate timing signoff, please run report_timing_summary.
Phase 10 Post Router Timing | Checksum: 266ef56d9

Time (s): cpu = 00:00:11 ; elapsed = 00:00:10 . Memory (MB): peak = 1630.676 ; gain = 88.512
INFO: [Route 35-16] Router Completed Successfully

Time (s): cpu = 00:00:11 ; elapsed = 00:00:10 . Memory (MB): peak = 1630.676 ; gain = 88.512

Routing Is Done.
INFO: [Common 17-83] Releasing license: Implementation
82 Infos, 33 Warnings, 33 Critical Warnings and 0 Errors encountered.
route_design completed successfully
route_design: Time (s): cpu = 00:00:12 ; elapsed = 00:00:10 . Memory (MB): peak = 1630.676 ; gain = 101.531
INFO: [Timing 38-480] Writing timing data to binary archive.
Writing placer database...
Writing XDEF routing.
Writing XDEF routing logical nets.
Writing XDEF routing special nets.
Write XDEF Complete: Time (s): cpu = 00:00:00 ; elapsed = 00:00:00.021 . Memory (MB): peak = 1640.578 ; gain = 9.902
INFO: [Common 17-1381] The checkpoint 'D:/CA_Project/SingleCycle_CA/SingleCycle_CA.runs/impl_1/SingleCycle_routed.dcp' has been generated.
INFO: [runtcl-4] Executing : report_drc -file SingleCycle_drc_routed.rpt -pb SingleCycle_drc_routed.pb -rpx SingleCycle_drc_routed.rpx
Command: report_drc -file SingleCycle_drc_routed.rpt -pb SingleCycle_drc_routed.pb -rpx SingleCycle_drc_routed.rpx
INFO: [IP_Flow 19-1839] IP Catalog is up to date.
INFO: [DRC 23-27] Running DRC with 2 threads
INFO: [Coretcl 2-168] The results of DRC are in file D:/CA_Project/SingleCycle_CA/SingleCycle_CA.runs/impl_1/SingleCycle_drc_routed.rpt.
report_drc completed successfully
INFO: [runtcl-4] Executing : report_methodology -file SingleCycle_methodology_drc_routed.rpt -pb SingleCycle_methodology_drc_routed.pb -rpx SingleCycle_methodology_drc_routed.rpx
Command: report_methodology -file SingleCycle_methodology_drc_routed.rpt -pb SingleCycle_methodology_drc_routed.pb -rpx SingleCycle_methodology_drc_routed.rpx
INFO: [Timing 38-35] Done setting XDC timing constraints.
INFO: [DRC 23-133] Running Methodology with 2 threads
INFO: [Coretcl 2-1520] The results of Report Methodology are in file D:/CA_Project/SingleCycle_CA/SingleCycle_CA.runs/impl_1/SingleCycle_methodology_drc_routed.rpt.
report_methodology completed successfully
INFO: [runtcl-4] Executing : report_power -file SingleCycle_power_routed.rpt -pb SingleCycle_power_summary_routed.pb -rpx SingleCycle_power_routed.rpx
Command: report_power -file SingleCycle_power_routed.rpt -pb SingleCycle_power_summary_routed.pb -rpx SingleCycle_power_routed.rpx
INFO: [Timing 38-35] Done setting XDC timing constraints.
Running Vector-less Activity Propagation...

Finished Running Vector-less Activity Propagation
94 Infos, 33 Warnings, 33 Critical Warnings and 0 Errors encountered.
report_power completed successfully
INFO: [runtcl-4] Executing : report_route_status -file SingleCycle_route_status.rpt -pb SingleCycle_route_status.pb
INFO: [runtcl-4] Executing : report_timing_summary -max_paths 10 -file SingleCycle_timing_summary_routed.rpt -pb SingleCycle_timing_summary_routed.pb -rpx SingleCycle_timing_summary_routed.rpx -warn_on_violation 
INFO: [Timing 38-91] UpdateTimingParams: Speed grade: -1, Delay Type: min_max.
INFO: [Timing 38-191] Multithreading enabled for timing update using a maximum of 2 CPUs
INFO: [runtcl-4] Executing : report_incremental_reuse -file SingleCycle_incremental_reuse_routed.rpt
INFO: [Vivado_Tcl 4-1062] Incremental flow is disabled. No incremental reuse Info to report.
INFO: [runtcl-4] Executing : report_clock_utilization -file SingleCycle_clock_utilization_routed.rpt
INFO: [runtcl-4] Executing : report_bus_skew -warn_on_violation -file SingleCycle_bus_skew_routed.rpt -pb SingleCycle_bus_skew_routed.pb -rpx SingleCycle_bus_skew_routed.rpx
INFO: [Timing 38-91] UpdateTimingParams: Speed grade: -1, Delay Type: min_max.
INFO: [Timing 38-191] Multithreading enabled for timing update using a maximum of 2 CPUs
INFO: [Common 17-206] Exiting Vivado at Sat Apr 18 19:01:00 2026...
