Copyright 1986-2020 Xilinx, Inc. All Rights Reserved.
----------------------------------------------------------------------------------------
| Tool Version : Vivado v.2020.1 (win64) Build 2902540 Wed May 27 19:54:49 MDT 2020
| Date         : Mon Apr 20 16:01:44 2026
| Host         : Aleenas_Acer running 64-bit major release  (build 9200)
| Command      : report_control_sets -verbose -file SingleCycle_control_sets_placed.rpt
| Design       : SingleCycle
| Device       : xc7a35t
----------------------------------------------------------------------------------------

Control Set Information

Table of Contents
-----------------
1. Summary
2. Histogram
3. Flip-Flop Distribution
4. Detailed Control Set Information

1. Summary
----------

+----------------------------------------------------------+-------+
|                          Status                          | Count |
+----------------------------------------------------------+-------+
| Total control sets                                       |    20 |
|    Minimum number of control sets                        |    20 |
|    Addition due to synthesis replication                 |     0 |
|    Addition due to physical synthesis replication        |     0 |
| Unused register locations in slices containing registers |    18 |
+----------------------------------------------------------+-------+
* Control sets can be merged at opt_design using control_set_merge or merge_equivalent_drivers
** Run report_qor_suggestions for automated merging and remapping suggestions


2. Histogram
------------

+--------------------+-------+
|       Fanout       | Count |
+--------------------+-------+
| Total control sets |    20 |
| >= 0 to < 4        |     1 |
| >= 4 to < 6        |     1 |
| >= 6 to < 8        |     1 |
| >= 8 to < 10       |     0 |
| >= 10 to < 12      |     0 |
| >= 12 to < 14      |     0 |
| >= 14 to < 16      |     0 |
| >= 16              |    17 |
+--------------------+-------+
* Control sets can be remapped at either synth_design or opt_design


3. Flip-Flop Distribution
-------------------------

+--------------+-----------------------+------------------------+-----------------+--------------+
| Clock Enable | Synchronous Set/Reset | Asynchronous Set/Reset | Total Registers | Total Slices |
+--------------+-----------------------+------------------------+-----------------+--------------+
| No           | No                    | No                     |               1 |            1 |
| No           | No                    | Yes                    |              18 |            5 |
| No           | Yes                   | No                     |              11 |            3 |
| Yes          | No                    | No                     |               0 |            0 |
| Yes          | No                    | Yes                    |              32 |           18 |
| Yes          | Yes                   | No                     |             416 |          223 |
+--------------+-----------------------+------------------------+-----------------+--------------+


4. Detailed Control Set Information
-----------------------------------

+----------------+---------------------+--------------------+------------------+----------------+--------------+
|  Clock Signal  |    Enable Signal    |  Set/Reset Signal  | Slice Load Count | Bel Load Count | Bels / Slice |
+----------------+---------------------+--------------------+------------------+----------------+--------------+
|  clk_IBUF_BUFG |                     |                    |                1 |              1 |         1.00 |
|  clk_IBUF_BUFG |                     | clk_div[3]_i_1_n_0 |                1 |              4 |         4.00 |
|  clk_10M_BUFG  |                     | rst_IBUF           |                2 |              7 |         3.50 |
|  clk_IBUF_BUFG |                     | rst_IBUF           |                5 |             18 |         3.60 |
|  clk_10M_BUFG  | u_PC/PC_reg[3]_4[0] | rst_IBUF           |               14 |             32 |         2.29 |
|  clk_10M_BUFG  | u_PC/PC_reg[3]_8[0] | rst_IBUF           |               15 |             32 |         2.13 |
|  clk_10M_BUFG  | u_PC/PC_reg[3]_3[0] | rst_IBUF           |               22 |             32 |         1.45 |
|  clk_10M_BUFG  | u_PC/PC_reg[3]_6[0] | rst_IBUF           |               16 |             32 |         2.00 |
|  clk_10M_BUFG  | u_PC/PC_reg[6]_1[0] | rst_IBUF           |               21 |             32 |         1.52 |
|  clk_10M_BUFG  | u_PC/PC_reg[3]_7[0] | rst_IBUF           |               17 |             32 |         1.88 |
|  clk_10M_BUFG  | u_PC/PC_reg[3]_2[0] | rst_IBUF           |               18 |             32 |         1.78 |
|  clk_10M_BUFG  | u_PC/PC_reg[6]_3[0] | rst_IBUF           |               15 |             32 |         2.13 |
|  clk_10M_BUFG  | u_PC/PC_reg[6]_2[0] | rst_IBUF           |               14 |             32 |         2.29 |
|  clk_10M_BUFG  | u_PC/E[0]           | rst_IBUF           |               18 |             32 |         1.78 |
|  clk_10M_BUFG  | u_PC/PC_reg[3]_5[0] | rst_IBUF           |               18 |             32 |         1.78 |
|  clk_10M_BUFG  | u_PC/PC_reg[6]_0[0] | rst_IBUF           |               13 |             32 |         2.46 |
|  clk_10M_BUFG  | u_PC/PC_reg[4]_0[0] | rst_IBUF           |               18 |             32 |         1.78 |
|  clk_10M_BUFG  | u_PC/PC_reg[6]_4[0] | rst_IBUF           |               22 |             32 |         1.45 |
|  clk_10M_BUFG  | u_PC/PC_reg[6]_7    |                    |               27 |            108 |         4.00 |
|  clk_10M_BUFG  | u_PC/PC_reg[6]_6    |                    |               32 |            128 |         4.00 |
+----------------+---------------------+--------------------+------------------+----------------+--------------+


